2018-05-24 22:19:49,024 [Worker-38] INFO  o.e.m.c.i.p.ProjectConfigurationManager - Collecting project info '/pom.xml' A:\javaP\Webservices\Restful\SimpleWebServiceMaven\pom.xml
2018-05-24 22:19:56,563 [Worker-38] INFO  o.e.m.c.i.l.LifecycleMappingFactory - Using org.maven.ide.eclipse.wtp.WarLifecycleMapping lifecycle mapping for MavenProject: com.ajay:SimpleWebServiceMaven:0.0.1-SNAPSHOT @ A:\javaP\Webservices\Restful\SimpleWebServiceMaven\pom.xml.
2018-05-24 22:20:00,526 [Worker-38] INFO  o.e.m.j.i.AbstractJavaProjectConfigurator - Adding source folder /SimpleWebServiceMaven/src/main/java
2018-05-24 22:20:00,527 [Worker-38] INFO  o.e.m.j.i.AbstractJavaProjectConfigurator - Adding resource folder /SimpleWebServiceMaven/src/main/resources
2018-05-24 22:20:00,528 [Worker-38] INFO  o.e.m.j.i.AbstractJavaProjectConfigurator - Adding source folder /SimpleWebServiceMaven/src/test/java
2018-05-24 22:20:06,394 [Worker-38] INFO  o.e.m.c.i.p.ProjectConfigurationManager - Imported and configured 1 project(s) in 17 sec
2018-05-24 22:20:07,483 [Worker-37] WARN  o.e.m.c.i.embedder.EclipseLogger - Using platform encoding (Cp1252 actually) to copy filtered resources, i.e. build is platform dependent!
2018-05-24 22:20:07,591 [Worker-37] INFO  o.e.m.c.i.embedder.EclipseLogger - Copying 0 resource
2018-05-24 22:20:07,601 [Worker-37] WARN  o.e.m.c.i.embedder.EclipseLogger - Using platform encoding (Cp1252 actually) to copy filtered resources, i.e. build is platform dependent!
2018-05-24 22:20:07,619 [Worker-37] INFO  o.e.m.c.i.embedder.EclipseLogger - skip non existing resourceDirectory A:\javaP\Webservices\Restful\SimpleWebServiceMaven\src\test\resources
2018-05-24 22:20:59,940 [Worker-33] INFO  o.e.m.c.i.l.LifecycleMappingFactory - Using org.maven.ide.eclipse.wtp.WarLifecycleMapping lifecycle mapping for MavenProject: com.ajay:SimpleWebServiceMaven:0.0.1-SNAPSHOT @ A:\javaP\Webservices\Restful\SimpleWebServiceMaven\pom.xml.
2018-05-24 22:21:00,314 [Worker-33] INFO  o.e.m.c.i.e.AbstractTransferListenerAdapter - Downloading https://repo.maven.apache.org/maven2/com/sun/jersey/jersey-server/1.16/jersey-server-1.16.pom
2018-05-24 22:21:00,429 [Worker-33] INFO  o.e.m.c.i.e.AbstractTransferListenerAdapter - Downloaded https://repo.maven.apache.org/maven2/com/sun/jersey/jersey-server/1.16/jersey-server-1.16.pom
2018-05-24 22:21:00,492 [Worker-33] INFO  o.e.m.c.i.e.AbstractTransferListenerAdapter - Downloading https://repo.maven.apache.org/maven2/com/sun/jersey/jersey-project/1.16/jersey-project-1.16.pom
2018-05-24 22:21:00,550 [Worker-33] INFO  o.e.m.c.i.e.AbstractTransferListenerAdapter - Downloaded https://repo.maven.apache.org/maven2/com/sun/jersey/jersey-project/1.16/jersey-project-1.16.pom
2018-05-24 22:21:00,598 [Worker-33] INFO  o.e.m.c.i.e.AbstractTransferListenerAdapter - Downloading https://repo.maven.apache.org/maven2/net/java/jvnet-parent/1/jvnet-parent-1.pom
2018-05-24 22:21:00,641 [Worker-33] INFO  o.e.m.c.i.e.AbstractTransferListenerAdapter - Downloaded https://repo.maven.apache.org/maven2/net/java/jvnet-parent/1/jvnet-parent-1.pom
2018-05-24 22:21:00,788 [Worker-33] INFO  o.e.m.c.i.e.AbstractTransferListenerAdapter - Downloading https://repo.maven.apache.org/maven2/com/sun/jersey/jersey-core/1.16/jersey-core-1.16.pom
2018-05-24 22:21:00,890 [Worker-33] INFO  o.e.m.c.i.e.AbstractTransferListenerAdapter - Downloaded https://repo.maven.apache.org/maven2/com/sun/jersey/jersey-core/1.16/jersey-core-1.16.pom
2018-05-24 22:21:00,967 [Worker-33] INFO  o.e.m.c.i.e.AbstractTransferListenerAdapter - Downloading https://repo.maven.apache.org/maven2/com/sun/jersey/jersey-server/1.16/jersey-server-1.16.jar
2018-05-24 22:21:01,484 [Worker-33] INFO  o.e.m.c.i.e.AbstractTransferListenerAdapter - Downloaded https://repo.maven.apache.org/maven2/com/sun/jersey/jersey-server/1.16/jersey-server-1.16.jar
2018-05-24 22:21:01,522 [Worker-33] INFO  o.e.m.c.i.e.AbstractTransferListenerAdapter - Downloading https://repo.maven.apache.org/maven2/com/sun/jersey/jersey-core/1.16/jersey-core-1.16.jar
2018-05-24 22:21:01,890 [Worker-33] INFO  o.e.m.c.i.e.AbstractTransferListenerAdapter - Downloaded https://repo.maven.apache.org/maven2/com/sun/jersey/jersey-core/1.16/jersey-core-1.16.jar
2018-05-24 22:21:03,756 [Worker-33] WARN  o.e.m.c.i.embedder.EclipseLogger - Using platform encoding (Cp1252 actually) to copy filtered resources, i.e. build is platform dependent!
2018-05-24 22:21:03,811 [Worker-33] INFO  o.e.m.c.i.embedder.EclipseLogger - Copying 0 resource
2018-05-24 22:21:03,814 [Worker-33] WARN  o.e.m.c.i.embedder.EclipseLogger - Using platform encoding (Cp1252 actually) to copy filtered resources, i.e. build is platform dependent!
2018-05-24 22:21:03,840 [Worker-33] INFO  o.e.m.c.i.embedder.EclipseLogger - skip non existing resourceDirectory A:\javaP\Webservices\Restful\SimpleWebServiceMaven\src\test\resources
2018-05-24 22:21:03,922 [Worker-33] INFO  o.e.m.w.i.f.ResourceFilteringBuildParticipant - Changed resources require a complete clean of filtered resources of SimpleWebServiceMaven
2018-05-24 22:21:03,924 [Worker-33] INFO  o.e.m.w.i.f.ResourceFilteringBuildParticipant - Executing resource filtering for SimpleWebServiceMaven
2018-05-24 22:21:03,933 [Worker-33] WARN  o.e.m.c.i.embedder.EclipseLogger - Using platform encoding (Cp1252 actually) to copy filtered resources, i.e. build is platform dependent!
2018-05-24 22:21:04,383 [Worker-41] WARN  o.e.m.c.i.embedder.EclipseLogger - Using platform encoding (Cp1252 actually) to copy filtered resources, i.e. build is platform dependent!
2018-05-24 22:21:04,406 [Worker-41] INFO  o.e.m.c.i.embedder.EclipseLogger - Copying 0 resource
2018-05-24 22:21:04,409 [Worker-41] WARN  o.e.m.c.i.embedder.EclipseLogger - Using platform encoding (Cp1252 actually) to copy filtered resources, i.e. build is platform dependent!
2018-05-24 22:21:04,434 [Worker-41] INFO  o.e.m.c.i.embedder.EclipseLogger - skip non existing resourceDirectory A:\javaP\Webservices\Restful\SimpleWebServiceMaven\src\test\resources
2018-05-24 22:21:24,323 [Worker-29] WARN  o.e.m.c.i.embedder.EclipseLogger - Using platform encoding (Cp1252 actually) to copy filtered resources, i.e. build is platform dependent!
2018-05-24 22:21:24,421 [Worker-29] INFO  o.e.m.c.i.embedder.EclipseLogger - Copying 0 resource
2018-05-24 22:21:24,424 [Worker-29] WARN  o.e.m.c.i.embedder.EclipseLogger - Using platform encoding (Cp1252 actually) to copy filtered resources, i.e. build is platform dependent!
2018-05-24 22:21:24,449 [Worker-29] INFO  o.e.m.c.i.embedder.EclipseLogger - skip non existing resourceDirectory A:\javaP\Webservices\Restful\SimpleWebServiceMaven\src\test\resources
2018-05-24 22:22:38,661 [Worker-40] WARN  o.e.m.c.i.embedder.EclipseLogger - Using platform encoding (Cp1252 actually) to copy filtered resources, i.e. build is platform dependent!
2018-05-24 22:22:38,761 [Worker-40] INFO  o.e.m.c.i.embedder.EclipseLogger - Copying 0 resource
2018-05-24 22:22:38,764 [Worker-40] WARN  o.e.m.c.i.embedder.EclipseLogger - Using platform encoding (Cp1252 actually) to copy filtered resources, i.e. build is platform dependent!
2018-05-24 22:22:38,822 [Worker-40] INFO  o.e.m.c.i.embedder.EclipseLogger - skip non existing resourceDirectory A:\javaP\Webservices\Restful\SimpleWebServiceMaven\src\test\resources
2018-05-24 22:22:40,699 [Worker-36] WARN  o.e.m.c.i.embedder.EclipseLogger - Using platform encoding (Cp1252 actually) to copy filtered resources, i.e. build is platform dependent!
2018-05-24 22:22:40,725 [Worker-36] INFO  o.e.m.c.i.embedder.EclipseLogger - Copying 0 resource
2018-05-24 22:22:40,728 [Worker-36] WARN  o.e.m.c.i.embedder.EclipseLogger - Using platform encoding (Cp1252 actually) to copy filtered resources, i.e. build is platform dependent!
2018-05-24 22:22:40,745 [Worker-36] INFO  o.e.m.c.i.embedder.EclipseLogger - skip non existing resourceDirectory A:\javaP\Webservices\Restful\SimpleWebServiceMaven\src\test\resources
2018-05-24 22:24:21,962 [Worker-42] WARN  o.e.m.c.i.embedder.EclipseLogger - Using platform encoding (Cp1252 actually) to copy filtered resources, i.e. build is platform dependent!
2018-05-24 22:24:22,020 [Worker-42] INFO  o.e.m.c.i.embedder.EclipseLogger - Copying 0 resource
2018-05-24 22:24:22,022 [Worker-42] WARN  o.e.m.c.i.embedder.EclipseLogger - Using platform encoding (Cp1252 actually) to copy filtered resources, i.e. build is platform dependent!
2018-05-24 22:24:22,061 [Worker-42] INFO  o.e.m.c.i.embedder.EclipseLogger - skip non existing resourceDirectory A:\javaP\Webservices\Restful\SimpleWebServiceMaven\src\test\resources
2018-05-24 22:24:23,425 [Worker-37] WARN  o.e.m.c.i.embedder.EclipseLogger - Using platform encoding (Cp1252 actually) to copy filtered resources, i.e. build is platform dependent!
2018-05-24 22:24:23,437 [Worker-37] INFO  o.e.m.c.i.embedder.EclipseLogger - Copying 0 resource
2018-05-24 22:24:23,439 [Worker-37] WARN  o.e.m.c.i.embedder.EclipseLogger - Using platform encoding (Cp1252 actually) to copy filtered resources, i.e. build is platform dependent!
2018-05-24 22:24:23,451 [Worker-37] INFO  o.e.m.c.i.embedder.EclipseLogger - skip non existing resourceDirectory A:\javaP\Webservices\Restful\SimpleWebServiceMaven\src\test\resources
2018-05-24 22:27:35,350 [Worker-33] WARN  o.e.m.c.i.embedder.EclipseLogger - Using platform encoding (Cp1252 actually) to copy filtered resources, i.e. build is platform dependent!
2018-05-24 22:27:35,373 [Worker-33] INFO  o.e.m.c.i.embedder.EclipseLogger - Copying 0 resource
2018-05-24 22:27:35,376 [Worker-33] WARN  o.e.m.c.i.embedder.EclipseLogger - Using platform encoding (Cp1252 actually) to copy filtered resources, i.e. build is platform dependent!
2018-05-24 22:27:35,391 [Worker-33] INFO  o.e.m.c.i.embedder.EclipseLogger - skip non existing resourceDirectory A:\javaP\Webservices\Restful\SimpleWebServiceMaven\src\test\resources
2018-05-24 22:28:12,695 [Worker-33] WARN  o.e.m.c.i.embedder.EclipseLogger - Using platform encoding (Cp1252 actually) to copy filtered resources, i.e. build is platform dependent!
2018-05-24 22:28:12,731 [Worker-33] INFO  o.e.m.c.i.embedder.EclipseLogger - Copying 0 resource
2018-05-24 22:28:12,733 [Worker-33] WARN  o.e.m.c.i.embedder.EclipseLogger - Using platform encoding (Cp1252 actually) to copy filtered resources, i.e. build is platform dependent!
2018-05-24 22:28:12,741 [Worker-33] INFO  o.e.m.c.i.embedder.EclipseLogger - skip non existing resourceDirectory A:\javaP\Webservices\Restful\SimpleWebServiceMaven\src\test\resources
2018-05-24 22:28:52,023 [Worker-37] WARN  o.e.m.c.i.embedder.EclipseLogger - Using platform encoding (Cp1252 actually) to copy filtered resources, i.e. build is platform dependent!
2018-05-24 22:28:52,037 [Worker-37] INFO  o.e.m.c.i.embedder.EclipseLogger - Copying 0 resource
2018-05-24 22:28:52,039 [Worker-37] WARN  o.e.m.c.i.embedder.EclipseLogger - Using platform encoding (Cp1252 actually) to copy filtered resources, i.e. build is platform dependent!
2018-05-24 22:28:52,050 [Worker-37] INFO  o.e.m.c.i.embedder.EclipseLogger - skip non existing resourceDirectory A:\javaP\Webservices\Restful\SimpleWebServiceMaven\src\test\resources
2018-05-24 22:29:06,924 [Worker-33] WARN  o.e.m.c.i.embedder.EclipseLogger - Using platform encoding (Cp1252 actually) to copy filtered resources, i.e. build is platform dependent!
2018-05-24 22:29:06,945 [Worker-33] INFO  o.e.m.c.i.embedder.EclipseLogger - Copying 0 resource
2018-05-24 22:29:06,947 [Worker-33] WARN  o.e.m.c.i.embedder.EclipseLogger - Using platform encoding (Cp1252 actually) to copy filtered resources, i.e. build is platform dependent!
2018-05-24 22:29:06,963 [Worker-33] INFO  o.e.m.c.i.embedder.EclipseLogger - skip non existing resourceDirectory A:\javaP\Webservices\Restful\SimpleWebServiceMaven\src\test\resources
2018-05-24 22:31:30,413 [Worker-45] WARN  o.e.m.c.i.embedder.EclipseLogger - Using platform encoding (Cp1252 actually) to copy filtered resources, i.e. build is platform dependent!
2018-05-24 22:31:30,426 [Worker-45] INFO  o.e.m.c.i.embedder.EclipseLogger - Copying 0 resource
2018-05-24 22:31:30,427 [Worker-45] WARN  o.e.m.c.i.embedder.EclipseLogger - Using platform encoding (Cp1252 actually) to copy filtered resources, i.e. build is platform dependent!
2018-05-24 22:31:30,435 [Worker-45] INFO  o.e.m.c.i.embedder.EclipseLogger - skip non existing resourceDirectory A:\javaP\Webservices\Restful\SimpleWebServiceMaven\src\test\resources
2018-05-24 22:31:52,712 [Worker-42] INFO  o.e.m.i.launch.MavenLaunchDelegate - A:\javaP\Webservices\Restful\SimpleWebServiceMaven
2018-05-24 22:31:52,713 [Worker-42] INFO  o.e.m.i.launch.MavenLaunchDelegate -  mvn -B clean
2018-05-24 22:32:13,533 [Worker-48] INFO  o.e.m.c.i.p.ProjectConfigurationManager - Update started
2018-05-24 22:32:14,383 [Worker-48] INFO  o.e.m.c.i.l.LifecycleMappingFactory - Using org.maven.ide.eclipse.wtp.WarLifecycleMapping lifecycle mapping for MavenProject: com.ajay:SimpleWebServiceMaven:0.0.1-SNAPSHOT @ A:\javaP\Webservices\Restful\SimpleWebServiceMaven\pom.xml.
2018-05-24 22:32:15,769 [Worker-48] INFO  o.e.m.j.i.AbstractJavaProjectConfigurator - Adding source folder /SimpleWebServiceMaven/src/main/java
2018-05-24 22:32:15,770 [Worker-48] INFO  o.e.m.j.i.AbstractJavaProjectConfigurator - Adding resource folder /SimpleWebServiceMaven/src/main/resources
2018-05-24 22:32:15,771 [Worker-48] INFO  o.e.m.j.i.AbstractJavaProjectConfigurator - Adding source folder /SimpleWebServiceMaven/src/test/java
2018-05-24 22:32:16,856 [Worker-48] INFO  o.e.m.w.i.f.ResourceFilteringBuildParticipant - Cleaning filtered folder for SimpleWebServiceMaven
2018-05-24 22:32:16,886 [Worker-48] INFO  o.e.m.c.i.p.ProjectConfigurationManager - Update completed: 3 sec
2018-05-24 22:32:17,792 [Worker-46] WARN  o.e.m.c.i.embedder.EclipseLogger - Using platform encoding (Cp1252 actually) to copy filtered resources, i.e. build is platform dependent!
2018-05-24 22:32:17,875 [Worker-46] INFO  o.e.m.c.i.embedder.EclipseLogger - Copying 0 resource
2018-05-24 22:32:17,909 [Worker-46] WARN  o.e.m.c.i.embedder.EclipseLogger - Using platform encoding (Cp1252 actually) to copy filtered resources, i.e. build is platform dependent!
2018-05-24 22:32:17,924 [Worker-46] INFO  o.e.m.c.i.embedder.EclipseLogger - skip non existing resourceDirectory A:\javaP\Webservices\Restful\SimpleWebServiceMaven\src\test\resources
2018-05-24 22:32:17,925 [Worker-46] INFO  o.e.m.w.i.f.ResourceFilteringBuildParticipant - Changed resources require a complete clean of filtered resources of SimpleWebServiceMaven
2018-05-24 22:32:17,925 [Worker-46] INFO  o.e.m.w.i.f.ResourceFilteringBuildParticipant - Executing resource filtering for SimpleWebServiceMaven
2018-05-24 22:32:17,934 [Worker-46] WARN  o.e.m.c.i.embedder.EclipseLogger - Using platform encoding (Cp1252 actually) to copy filtered resources, i.e. build is platform dependent!
2018-05-24 22:39:27,862 [Worker-45] INFO  o.e.m.c.i.l.LifecycleMappingFactory - Using org.maven.ide.eclipse.wtp.WarLifecycleMapping lifecycle mapping for MavenProject: com.ajay:SimpleWebServiceMaven:0.0.1-SNAPSHOT @ A:\javaP\Webservices\Restful\SimpleWebServiceMaven\pom.xml.
2018-05-24 22:39:28,021 [Worker-45] INFO  o.e.m.c.i.e.AbstractTransferListenerAdapter - Downloaded https://repo.maven.apache.org/maven2/com/sun/jersey/jersey-server/1.1/jersey-server-1.1.pom
2018-05-24 22:39:28,032 [Worker-45] WARN  o.e.m.c.i.embedder.EclipseLogger - The POM for com.sun.jersey:jersey-server:jar:1.1 is missing, no dependency information available
2018-05-24 22:39:28,196 [Worker-45] INFO  o.e.m.c.i.e.AbstractTransferListenerAdapter - Downloaded https://repo.maven.apache.org/maven2/com/sun/jersey/jersey-server/1.1/jersey-server-1.1.jar
2018-05-24 22:39:28,240 [Worker-45] WARN  o.e.m.c.i.embedder.EclipseLogger - The POM for com.sun.jersey:jersey-server:jar:1.1 is missing, no dependency information available
2018-05-24 22:39:29,229 [Worker-45] WARN  o.e.m.c.i.embedder.EclipseLogger - Using platform encoding (Cp1252 actually) to copy filtered resources, i.e. build is platform dependent!
2018-05-24 22:39:29,252 [Worker-45] INFO  o.e.m.c.i.embedder.EclipseLogger - Copying 0 resource
2018-05-24 22:39:29,255 [Worker-45] WARN  o.e.m.c.i.embedder.EclipseLogger - Using platform encoding (Cp1252 actually) to copy filtered resources, i.e. build is platform dependent!
2018-05-24 22:39:29,269 [Worker-45] INFO  o.e.m.c.i.embedder.EclipseLogger - skip non existing resourceDirectory A:\javaP\Webservices\Restful\SimpleWebServiceMaven\src\test\resources
2018-05-24 22:39:29,270 [Worker-45] INFO  o.e.m.w.i.f.ResourceFilteringBuildParticipant - Changed resources require a complete clean of filtered resources of SimpleWebServiceMaven
2018-05-24 22:39:29,270 [Worker-45] INFO  o.e.m.w.i.f.ResourceFilteringBuildParticipant - Executing resource filtering for SimpleWebServiceMaven
2018-05-24 22:39:29,276 [Worker-45] WARN  o.e.m.c.i.embedder.EclipseLogger - Using platform encoding (Cp1252 actually) to copy filtered resources, i.e. build is platform dependent!
2018-05-24 22:40:44,740 [Worker-50] INFO  o.e.m.c.i.e.AbstractTransferListenerAdapter - Downloading https://repo.maven.apache.org/maven2/com/sun/jersey/jersey-bundle/1.16/jersey-bundle-1.16.pom
2018-05-24 22:40:44,869 [Worker-50] INFO  o.e.m.c.i.e.AbstractTransferListenerAdapter - Downloaded https://repo.maven.apache.org/maven2/com/sun/jersey/jersey-bundle/1.16/jersey-bundle-1.16.pom
2018-05-24 22:40:44,937 [Worker-50] INFO  o.e.m.c.i.e.AbstractTransferListenerAdapter - Downloading https://repo.maven.apache.org/maven2/javax/ws/rs/jsr311-api/1.1.1/jsr311-api-1.1.1.pom
2018-05-24 22:40:45,012 [Worker-50] INFO  o.e.m.c.i.e.AbstractTransferListenerAdapter - Downloaded https://repo.maven.apache.org/maven2/javax/ws/rs/jsr311-api/1.1.1/jsr311-api-1.1.1.pom
2018-05-24 22:40:45,299 [Worker-50] INFO  o.e.m.c.i.e.AbstractTransferListenerAdapter - Downloading https://repo.maven.apache.org/maven2/com/sun/jersey/jersey-bundle/1.16/jersey-bundle-1.16.jar
2018-05-24 22:40:45,689 [Worker-42] INFO  o.e.m.c.i.l.LifecycleMappingFactory - Using org.maven.ide.eclipse.wtp.WarLifecycleMapping lifecycle mapping for MavenProject: com.ajay:SimpleWebServiceMaven:0.0.1-SNAPSHOT @ A:\javaP\Webservices\Restful\SimpleWebServiceMaven\pom.xml.
2018-05-24 22:40:45,943 [Worker-42] INFO  o.e.m.c.i.e.AbstractTransferListenerAdapter - Downloading https://repo.maven.apache.org/maven2/com/sun/jersey/jersey-bundle/1.16/jersey-bundle-1.16.jar
2018-05-24 22:40:45,950 [Worker-50] INFO  o.e.m.c.i.e.AbstractTransferListenerAdapter - Downloaded https://repo.maven.apache.org/maven2/com/sun/jersey/jersey-bundle/1.16/jersey-bundle-1.16.jar
2018-05-24 22:40:45,975 [Worker-50] INFO  o.e.m.c.i.e.AbstractTransferListenerAdapter - Downloading https://repo.maven.apache.org/maven2/javax/ws/rs/jsr311-api/1.1.1/jsr311-api-1.1.1.jar
2018-05-24 22:40:46,230 [Worker-42] INFO  o.e.m.c.i.e.AbstractTransferListenerAdapter - Downloading https://repo.maven.apache.org/maven2/com/sun/jersey/jersey-bundle/1.16/jersey-bundle-1.16.jar
2018-05-24 22:40:46,425 [Worker-50] INFO  o.e.m.c.i.e.AbstractTransferListenerAdapter - Downloaded https://repo.maven.apache.org/maven2/javax/ws/rs/jsr311-api/1.1.1/jsr311-api-1.1.1.jar
2018-05-24 22:40:47,261 [Worker-42] INFO  o.e.m.c.i.e.AbstractTransferListenerAdapter - Downloaded https://repo.maven.apache.org/maven2/com/sun/jersey/jersey-bundle/1.16/jersey-bundle-1.16.jar
2018-05-24 22:40:47,291 [Worker-42] INFO  o.e.m.c.i.e.AbstractTransferListenerAdapter - Downloading https://repo.maven.apache.org/maven2/javax/ws/rs/jsr311-api/1.1.1/jsr311-api-1.1.1.jar
2018-05-24 22:40:48,008 [Worker-42] INFO  o.e.m.c.i.e.AbstractTransferListenerAdapter - Downloaded https://repo.maven.apache.org/maven2/javax/ws/rs/jsr311-api/1.1.1/jsr311-api-1.1.1.jar
2018-05-24 22:40:49,449 [Worker-42] WARN  o.e.m.c.i.embedder.EclipseLogger - Using platform encoding (Cp1252 actually) to copy filtered resources, i.e. build is platform dependent!
2018-05-24 22:40:49,466 [Worker-42] INFO  o.e.m.c.i.embedder.EclipseLogger - Copying 0 resource
2018-05-24 22:40:49,469 [Worker-42] WARN  o.e.m.c.i.embedder.EclipseLogger - Using platform encoding (Cp1252 actually) to copy filtered resources, i.e. build is platform dependent!
2018-05-24 22:40:49,479 [Worker-42] INFO  o.e.m.c.i.embedder.EclipseLogger - skip non existing resourceDirectory A:\javaP\Webservices\Restful\SimpleWebServiceMaven\src\test\resources
2018-05-24 22:40:49,479 [Worker-42] INFO  o.e.m.w.i.f.ResourceFilteringBuildParticipant - Changed resources require a complete clean of filtered resources of SimpleWebServiceMaven
2018-05-24 22:40:49,479 [Worker-42] INFO  o.e.m.w.i.f.ResourceFilteringBuildParticipant - Executing resource filtering for SimpleWebServiceMaven
2018-05-24 22:40:49,486 [Worker-42] WARN  o.e.m.c.i.embedder.EclipseLogger - Using platform encoding (Cp1252 actually) to copy filtered resources, i.e. build is platform dependent!
2018-05-24 22:40:54,219 [Worker-42] WARN  o.e.m.c.i.embedder.EclipseLogger - Using platform encoding (Cp1252 actually) to copy filtered resources, i.e. build is platform dependent!
2018-05-24 22:40:54,233 [Worker-42] INFO  o.e.m.c.i.embedder.EclipseLogger - Copying 0 resource
2018-05-24 22:40:54,235 [Worker-42] WARN  o.e.m.c.i.embedder.EclipseLogger - Using platform encoding (Cp1252 actually) to copy filtered resources, i.e. build is platform dependent!
2018-05-24 22:40:54,249 [Worker-42] INFO  o.e.m.c.i.embedder.EclipseLogger - skip non existing resourceDirectory A:\javaP\Webservices\Restful\SimpleWebServiceMaven\src\test\resources
2018-05-24 22:42:21,889 [Worker-42] INFO  o.e.m.i.launch.MavenLaunchDelegate - A:\javaP\Webservices\Restful\SimpleWebServiceMaven
2018-05-24 22:42:21,890 [Worker-42] INFO  o.e.m.i.launch.MavenLaunchDelegate -  mvn -B clean
2018-05-24 22:42:38,832 [Worker-52] INFO  o.e.m.c.i.p.ProjectConfigurationManager - Update started
2018-05-24 22:42:39,507 [Worker-52] INFO  o.e.m.c.i.l.LifecycleMappingFactory - Using org.maven.ide.eclipse.wtp.WarLifecycleMapping lifecycle mapping for MavenProject: com.ajay:SimpleWebServiceMaven:0.0.1-SNAPSHOT @ A:\javaP\Webservices\Restful\SimpleWebServiceMaven\pom.xml.
2018-05-24 22:42:40,747 [Worker-52] INFO  o.e.m.j.i.AbstractJavaProjectConfigurator - Adding source folder /SimpleWebServiceMaven/src/main/java
2018-05-24 22:42:40,748 [Worker-52] INFO  o.e.m.j.i.AbstractJavaProjectConfigurator - Adding resource folder /SimpleWebServiceMaven/src/main/resources
2018-05-24 22:42:40,748 [Worker-52] INFO  o.e.m.j.i.AbstractJavaProjectConfigurator - Adding source folder /SimpleWebServiceMaven/src/test/java
2018-05-24 22:42:41,323 [Worker-52] INFO  o.e.m.w.i.f.ResourceFilteringBuildParticipant - Cleaning filtered folder for SimpleWebServiceMaven
2018-05-24 22:42:41,328 [Worker-52] INFO  o.e.m.c.i.p.ProjectConfigurationManager - Update completed: 2 sec
2018-05-24 22:42:42,071 [Worker-52] WARN  o.e.m.c.i.embedder.EclipseLogger - Using platform encoding (Cp1252 actually) to copy filtered resources, i.e. build is platform dependent!
2018-05-24 22:42:42,122 [Worker-52] INFO  o.e.m.c.i.embedder.EclipseLogger - Copying 0 resource
2018-05-24 22:42:42,126 [Worker-52] WARN  o.e.m.c.i.embedder.EclipseLogger - Using platform encoding (Cp1252 actually) to copy filtered resources, i.e. build is platform dependent!
2018-05-24 22:42:42,148 [Worker-52] INFO  o.e.m.c.i.embedder.EclipseLogger - skip non existing resourceDirectory A:\javaP\Webservices\Restful\SimpleWebServiceMaven\src\test\resources
2018-05-24 22:42:42,149 [Worker-52] INFO  o.e.m.w.i.f.ResourceFilteringBuildParticipant - Changed resources require a complete clean of filtered resources of SimpleWebServiceMaven
2018-05-24 22:42:42,149 [Worker-52] INFO  o.e.m.w.i.f.ResourceFilteringBuildParticipant - Executing resource filtering for SimpleWebServiceMaven
2018-05-24 22:42:42,156 [Worker-52] WARN  o.e.m.c.i.embedder.EclipseLogger - Using platform encoding (Cp1252 actually) to copy filtered resources, i.e. build is platform dependent!
2018-05-24 22:47:05,398 [Worker-45] INFO  o.e.m.c.i.l.LifecycleMappingFactory - Using org.maven.ide.eclipse.wtp.WarLifecycleMapping lifecycle mapping for MavenProject: com.ajay:SimpleWebServiceMaven:0.0.1-SNAPSHOT @ A:\javaP\Webservices\Restful\SimpleWebServiceMaven\pom.xml.
2018-05-24 22:47:05,569 [Worker-45] INFO  o.e.m.c.i.e.AbstractTransferListenerAdapter - Downloading https://repo.maven.apache.org/maven2/com/sun/jersey/jersey-servlet/1.16/jersey-servlet-1.16.pom
2018-05-24 22:47:05,645 [Worker-45] INFO  o.e.m.c.i.e.AbstractTransferListenerAdapter - Downloaded https://repo.maven.apache.org/maven2/com/sun/jersey/jersey-servlet/1.16/jersey-servlet-1.16.pom
2018-05-24 22:47:05,739 [Worker-45] INFO  o.e.m.c.i.e.AbstractTransferListenerAdapter - Downloading https://repo.maven.apache.org/maven2/com/sun/jersey/jersey-servlet/1.16/jersey-servlet-1.16.jar
2018-05-24 22:47:05,993 [Worker-45] INFO  o.e.m.c.i.e.AbstractTransferListenerAdapter - Downloaded https://repo.maven.apache.org/maven2/com/sun/jersey/jersey-servlet/1.16/jersey-servlet-1.16.jar
2018-05-24 22:47:07,148 [Worker-45] WARN  o.e.m.c.i.embedder.EclipseLogger - Using platform encoding (Cp1252 actually) to copy filtered resources, i.e. build is platform dependent!
2018-05-24 22:47:07,165 [Worker-45] INFO  o.e.m.c.i.embedder.EclipseLogger - Copying 0 resource
2018-05-24 22:47:07,168 [Worker-45] WARN  o.e.m.c.i.embedder.EclipseLogger - Using platform encoding (Cp1252 actually) to copy filtered resources, i.e. build is platform dependent!
2018-05-24 22:47:07,182 [Worker-45] INFO  o.e.m.c.i.embedder.EclipseLogger - skip non existing resourceDirectory A:\javaP\Webservices\Restful\SimpleWebServiceMaven\src\test\resources
2018-05-24 22:47:07,183 [Worker-45] INFO  o.e.m.w.i.f.ResourceFilteringBuildParticipant - Changed resources require a complete clean of filtered resources of SimpleWebServiceMaven
2018-05-24 22:47:07,183 [Worker-45] INFO  o.e.m.w.i.f.ResourceFilteringBuildParticipant - Executing resource filtering for SimpleWebServiceMaven
2018-05-24 22:47:07,190 [Worker-45] WARN  o.e.m.c.i.embedder.EclipseLogger - Using platform encoding (Cp1252 actually) to copy filtered resources, i.e. build is platform dependent!
2018-05-24 22:47:09,217 [Worker-39] WARN  o.e.m.c.i.embedder.EclipseLogger - Using platform encoding (Cp1252 actually) to copy filtered resources, i.e. build is platform dependent!
2018-05-24 22:47:09,234 [Worker-39] INFO  o.e.m.c.i.embedder.EclipseLogger - Copying 0 resource
2018-05-24 22:47:09,237 [Worker-39] WARN  o.e.m.c.i.embedder.EclipseLogger - Using platform encoding (Cp1252 actually) to copy filtered resources, i.e. build is platform dependent!
2018-05-24 22:47:09,251 [Worker-39] INFO  o.e.m.c.i.embedder.EclipseLogger - skip non existing resourceDirectory A:\javaP\Webservices\Restful\SimpleWebServiceMaven\src\test\resources
2018-05-24 22:47:39,748 [Worker-45] INFO  o.e.m.i.launch.MavenLaunchDelegate - A:\javaP\Webservices\Restful\SimpleWebServiceMaven
2018-05-24 22:47:39,748 [Worker-45] INFO  o.e.m.i.launch.MavenLaunchDelegate -  mvn -B clean
2018-05-24 22:48:03,969 [Worker-58] INFO  o.e.m.c.i.p.ProjectConfigurationManager - Update started
2018-05-24 22:48:04,605 [Worker-58] INFO  o.e.m.c.i.l.LifecycleMappingFactory - Using org.maven.ide.eclipse.wtp.WarLifecycleMapping lifecycle mapping for MavenProject: com.ajay:SimpleWebServiceMaven:0.0.1-SNAPSHOT @ A:\javaP\Webservices\Restful\SimpleWebServiceMaven\pom.xml.
2018-05-24 22:48:06,019 [Worker-58] INFO  o.e.m.j.i.AbstractJavaProjectConfigurator - Adding source folder /SimpleWebServiceMaven/src/main/java
2018-05-24 22:48:06,020 [Worker-58] INFO  o.e.m.j.i.AbstractJavaProjectConfigurator - Adding resource folder /SimpleWebServiceMaven/src/main/resources
2018-05-24 22:48:06,020 [Worker-58] INFO  o.e.m.j.i.AbstractJavaProjectConfigurator - Adding source folder /SimpleWebServiceMaven/src/test/java
2018-05-24 22:48:06,599 [Worker-58] INFO  o.e.m.w.i.f.ResourceFilteringBuildParticipant - Cleaning filtered folder for SimpleWebServiceMaven
2018-05-24 22:48:06,604 [Worker-58] INFO  o.e.m.c.i.p.ProjectConfigurationManager - Update completed: 2 sec
2018-05-24 22:48:07,197 [Worker-58] WARN  o.e.m.c.i.embedder.EclipseLogger - Using platform encoding (Cp1252 actually) to copy filtered resources, i.e. build is platform dependent!
2018-05-24 22:48:07,258 [Worker-58] INFO  o.e.m.c.i.embedder.EclipseLogger - Copying 0 resource
2018-05-24 22:48:07,261 [Worker-58] WARN  o.e.m.c.i.embedder.EclipseLogger - Using platform encoding (Cp1252 actually) to copy filtered resources, i.e. build is platform dependent!
2018-05-24 22:48:07,275 [Worker-58] INFO  o.e.m.c.i.embedder.EclipseLogger - skip non existing resourceDirectory A:\javaP\Webservices\Restful\SimpleWebServiceMaven\src\test\resources
2018-05-24 22:48:07,276 [Worker-58] INFO  o.e.m.w.i.f.ResourceFilteringBuildParticipant - Changed resources require a complete clean of filtered resources of SimpleWebServiceMaven
2018-05-24 22:48:07,276 [Worker-58] INFO  o.e.m.w.i.f.ResourceFilteringBuildParticipant - Executing resource filtering for SimpleWebServiceMaven
2018-05-24 22:48:07,283 [Worker-58] WARN  o.e.m.c.i.embedder.EclipseLogger - Using platform encoding (Cp1252 actually) to copy filtered resources, i.e. build is platform dependent!
2018-05-25 11:22:51,927 [Worker-22] WARN  o.e.m.c.i.embedder.EclipseLogger - Using platform encoding (Cp1252 actually) to copy filtered resources, i.e. build is platform dependent!
2018-05-25 11:22:51,989 [Worker-22] INFO  o.e.m.c.i.embedder.EclipseLogger - Copying 0 resource
2018-05-25 11:22:51,993 [Worker-22] WARN  o.e.m.c.i.embedder.EclipseLogger - Using platform encoding (Cp1252 actually) to copy filtered resources, i.e. build is platform dependent!
2018-05-25 11:22:52,010 [Worker-22] INFO  o.e.m.c.i.embedder.EclipseLogger - skip non existing resourceDirectory A:\javaP\Webservices\Restful\SimpleWebServiceMaven\src\test\resources
