2018-07-09 17:45:31,862 [Worker-29] INFO  o.e.m.c.i.l.LifecycleMappingFactory - Using org.eclipse.m2e.jdt.JarLifecycleMapping lifecycle mapping for MavenProject: com.ajay:first-springboot-project:0.0.1-SNAPSHOT @ A:\javaP\Spring\boot\first-springboot-project\pom.xml.
2018-07-09 17:45:34,929 [Worker-29] INFO  o.e.m.j.i.AbstractJavaProjectConfigurator - Adding source folder /first-springboot-project/src/main/java
2018-07-09 17:45:34,931 [Worker-29] INFO  o.e.m.j.i.AbstractJavaProjectConfigurator - Adding resource folder /first-springboot-project/src/main/resources
2018-07-09 17:45:34,933 [Worker-29] INFO  o.e.m.j.i.AbstractJavaProjectConfigurator - Adding source folder /first-springboot-project/src/test/java
2018-07-09 17:45:34,933 [Worker-29] INFO  o.e.m.j.i.AbstractJavaProjectConfigurator - Adding resource folder /first-springboot-project/src/test/resources
2018-07-09 17:45:41,668 [Worker-21] WARN  o.e.m.c.i.embedder.EclipseLogger - Using platform encoding (Cp1252 actually) to copy filtered resources, i.e. build is platform dependent!
2018-07-09 17:45:41,765 [Worker-21] INFO  o.e.m.c.i.embedder.EclipseLogger - Copying 0 resource
2018-07-09 17:45:41,774 [Worker-21] WARN  o.e.m.c.i.embedder.EclipseLogger - Using platform encoding (Cp1252 actually) to copy filtered resources, i.e. build is platform dependent!
2018-07-09 17:45:41,789 [Worker-21] INFO  o.e.m.c.i.embedder.EclipseLogger - Copying 0 resource
2018-07-09 18:30:45,094 [Worker-51] INFO  o.e.m.c.i.e.AbstractTransferListenerAdapter - Downloading https://repo.maven.apache.org/maven2/org/springframework/boot/spring-boot-starter-parent/1.4.0.RELEASE/spring-boot-starter-parent-1.4.0.RELEASE.pom
2018-07-09 18:30:45,237 [Worker-51] INFO  o.e.m.c.i.e.AbstractTransferListenerAdapter - Downloaded https://repo.maven.apache.org/maven2/org/springframework/boot/spring-boot-starter-parent/1.4.0.RELEASE/spring-boot-starter-parent-1.4.0.RELEASE.pom
2018-07-09 18:30:45,325 [Worker-51] INFO  o.e.m.c.i.e.AbstractTransferListenerAdapter - Downloading https://repo.maven.apache.org/maven2/org/springframework/boot/spring-boot-dependencies/1.4.0.RELEASE/spring-boot-dependencies-1.4.0.RELEASE.pom
2018-07-09 18:30:45,534 [Worker-51] INFO  o.e.m.c.i.e.AbstractTransferListenerAdapter - Downloaded https://repo.maven.apache.org/maven2/org/springframework/boot/spring-boot-dependencies/1.4.0.RELEASE/spring-boot-dependencies-1.4.0.RELEASE.pom
2018-07-09 18:30:45,608 [Worker-51] INFO  o.e.m.c.i.e.AbstractTransferListenerAdapter - Downloading https://repo.maven.apache.org/maven2/org/springframework/spring-framework-bom/4.3.2.RELEASE/spring-framework-bom-4.3.2.RELEASE.pom
2018-07-09 18:30:45,664 [Worker-51] INFO  o.e.m.c.i.e.AbstractTransferListenerAdapter - Downloaded https://repo.maven.apache.org/maven2/org/springframework/spring-framework-bom/4.3.2.RELEASE/spring-framework-bom-4.3.2.RELEASE.pom
2018-07-09 18:30:45,725 [Worker-51] INFO  o.e.m.c.i.e.AbstractTransferListenerAdapter - Downloading https://repo.maven.apache.org/maven2/org/springframework/data/spring-data-releasetrain/Hopper-SR2/spring-data-releasetrain-Hopper-SR2.pom
2018-07-09 18:30:45,778 [Worker-51] INFO  o.e.m.c.i.e.AbstractTransferListenerAdapter - Downloaded https://repo.maven.apache.org/maven2/org/springframework/data/spring-data-releasetrain/Hopper-SR2/spring-data-releasetrain-Hopper-SR2.pom
2018-07-09 18:30:45,831 [Worker-51] INFO  o.e.m.c.i.e.AbstractTransferListenerAdapter - Downloading https://repo.maven.apache.org/maven2/org/springframework/data/build/spring-data-build/1.8.2.RELEASE/spring-data-build-1.8.2.RELEASE.pom
2018-07-09 18:30:45,882 [Worker-51] INFO  o.e.m.c.i.e.AbstractTransferListenerAdapter - Downloaded https://repo.maven.apache.org/maven2/org/springframework/data/build/spring-data-build/1.8.2.RELEASE/spring-data-build-1.8.2.RELEASE.pom
2018-07-09 18:30:45,938 [Worker-51] INFO  o.e.m.c.i.e.AbstractTransferListenerAdapter - Downloading https://repo.maven.apache.org/maven2/org/springframework/integration/spring-integration-bom/4.3.1.RELEASE/spring-integration-bom-4.3.1.RELEASE.pom
2018-07-09 18:30:45,992 [Worker-51] INFO  o.e.m.c.i.e.AbstractTransferListenerAdapter - Downloaded https://repo.maven.apache.org/maven2/org/springframework/integration/spring-integration-bom/4.3.1.RELEASE/spring-integration-bom-4.3.1.RELEASE.pom
2018-07-09 18:30:46,050 [Worker-51] INFO  o.e.m.c.i.e.AbstractTransferListenerAdapter - Downloading https://repo.maven.apache.org/maven2/org/springframework/security/spring-security-bom/4.1.1.RELEASE/spring-security-bom-4.1.1.RELEASE.pom
2018-07-09 18:30:46,105 [Worker-51] INFO  o.e.m.c.i.e.AbstractTransferListenerAdapter - Downloaded https://repo.maven.apache.org/maven2/org/springframework/security/spring-security-bom/4.1.1.RELEASE/spring-security-bom-4.1.1.RELEASE.pom
2018-07-09 18:30:46,642 [Worker-51] INFO  o.e.m.c.i.e.AbstractTransferListenerAdapter - Downloading https://repo.maven.apache.org/maven2/org/apache/maven/plugins/maven-clean-plugin/2.6.1/maven-clean-plugin-2.6.1.jar
2018-07-09 18:30:46,881 [Worker-51] INFO  o.e.m.c.i.e.AbstractTransferListenerAdapter - Downloaded https://repo.maven.apache.org/maven2/org/apache/maven/plugins/maven-clean-plugin/2.6.1/maven-clean-plugin-2.6.1.jar
2018-07-09 18:30:47,647 [Worker-51] INFO  o.e.m.c.i.e.AbstractTransferListenerAdapter - Downloading https://repo.maven.apache.org/maven2/org/apache/maven/plugins/maven-jar-plugin/2.6/maven-jar-plugin-2.6.jar
2018-07-09 18:30:47,886 [Worker-51] INFO  o.e.m.c.i.e.AbstractTransferListenerAdapter - Downloaded https://repo.maven.apache.org/maven2/org/apache/maven/plugins/maven-jar-plugin/2.6/maven-jar-plugin-2.6.jar
2018-07-09 18:30:48,333 [Worker-51] INFO  o.e.m.c.i.e.AbstractTransferListenerAdapter - Downloading https://repo.maven.apache.org/maven2/org/apache/maven/plugins/maven-site-plugin/3.5.1/maven-site-plugin-3.5.1.jar
2018-07-09 18:30:48,603 [Worker-51] INFO  o.e.m.c.i.e.AbstractTransferListenerAdapter - Downloaded https://repo.maven.apache.org/maven2/org/apache/maven/plugins/maven-site-plugin/3.5.1/maven-site-plugin-3.5.1.jar
2018-07-09 18:30:51,101 [Worker-51] INFO  o.e.m.c.i.l.LifecycleMappingFactory - Using org.eclipse.m2e.jdt.JarLifecycleMapping lifecycle mapping for MavenProject: com.ajay:first-springboot-project:0.0.1-SNAPSHOT @ A:\javaP\Spring\boot\first-springboot-project\pom.xml.
2018-07-09 18:30:51,467 [Worker-51] INFO  o.e.m.c.i.e.AbstractTransferListenerAdapter - Downloading https://repo.maven.apache.org/maven2/org/apache/maven/plugins/maven-jar-plugin/2.6/maven-jar-plugin-2.6.pom
2018-07-09 18:30:51,517 [Worker-51] INFO  o.e.m.c.i.e.AbstractTransferListenerAdapter - Downloaded https://repo.maven.apache.org/maven2/org/apache/maven/plugins/maven-jar-plugin/2.6/maven-jar-plugin-2.6.pom
2018-07-09 18:30:52,201 [Worker-51] INFO  o.e.m.c.i.embedder.EclipseLogger - Using 'UTF-8' encoding to copy filtered resources.
2018-07-09 18:30:52,214 [Worker-51] INFO  o.e.m.c.i.embedder.EclipseLogger - Copying 0 resource
2018-07-09 18:30:52,215 [Worker-51] INFO  o.e.m.c.i.embedder.EclipseLogger - Copying 0 resource
2018-07-09 18:30:52,218 [Worker-51] INFO  o.e.m.c.i.embedder.EclipseLogger - Using 'UTF-8' encoding to copy filtered resources.
2018-07-09 18:30:52,219 [Worker-51] INFO  o.e.m.c.i.embedder.EclipseLogger - Copying 0 resource
2018-07-09 18:30:52,941 [Worker-51] INFO  o.e.m.c.i.e.AbstractTransferListenerAdapter - Downloading https://repo.maven.apache.org/maven2/org/apache/maven/maven-archiver/2.6/maven-archiver-2.6.pom
2018-07-09 18:30:53,006 [Worker-51] INFO  o.e.m.c.i.e.AbstractTransferListenerAdapter - Downloaded https://repo.maven.apache.org/maven2/org/apache/maven/maven-archiver/2.6/maven-archiver-2.6.pom
2018-07-09 18:30:53,246 [Worker-51] INFO  o.e.m.c.i.e.AbstractTransferListenerAdapter - Downloading https://repo.maven.apache.org/maven2/org/codehaus/plexus/plexus-archiver/2.8.1/plexus-archiver-2.8.1.pom
2018-07-09 18:30:53,297 [Worker-51] INFO  o.e.m.c.i.e.AbstractTransferListenerAdapter - Downloaded https://repo.maven.apache.org/maven2/org/codehaus/plexus/plexus-archiver/2.8.1/plexus-archiver-2.8.1.pom
2018-07-09 18:30:53,359 [Worker-51] INFO  o.e.m.c.i.e.AbstractTransferListenerAdapter - Downloading https://repo.maven.apache.org/maven2/org/codehaus/plexus/plexus-components/1.3/plexus-components-1.3.pom
2018-07-09 18:30:53,417 [Worker-51] INFO  o.e.m.c.i.e.AbstractTransferListenerAdapter - Downloaded https://repo.maven.apache.org/maven2/org/codehaus/plexus/plexus-components/1.3/plexus-components-1.3.pom
2018-07-09 18:30:53,529 [Worker-51] INFO  o.e.m.c.i.e.AbstractTransferListenerAdapter - Downloading https://repo.maven.apache.org/maven2/org/codehaus/plexus/plexus-utils/3.0.20/plexus-utils-3.0.20.pom
2018-07-09 18:30:53,588 [Worker-51] INFO  o.e.m.c.i.e.AbstractTransferListenerAdapter - Downloaded https://repo.maven.apache.org/maven2/org/codehaus/plexus/plexus-utils/3.0.20/plexus-utils-3.0.20.pom
2018-07-09 18:30:53,653 [Worker-51] INFO  o.e.m.c.i.e.AbstractTransferListenerAdapter - Downloading https://repo.maven.apache.org/maven2/org/codehaus/plexus/plexus-io/2.3.2/plexus-io-2.3.2.pom
2018-07-09 18:30:53,708 [Worker-51] INFO  o.e.m.c.i.e.AbstractTransferListenerAdapter - Downloaded https://repo.maven.apache.org/maven2/org/codehaus/plexus/plexus-io/2.3.2/plexus-io-2.3.2.pom
2018-07-09 18:30:53,758 [Worker-51] INFO  o.e.m.c.i.e.AbstractTransferListenerAdapter - Downloading https://repo.maven.apache.org/maven2/org/codehaus/plexus/plexus-components/1.2/plexus-components-1.2.pom
2018-07-09 18:30:53,818 [Worker-51] INFO  o.e.m.c.i.e.AbstractTransferListenerAdapter - Downloaded https://repo.maven.apache.org/maven2/org/codehaus/plexus/plexus-components/1.2/plexus-components-1.2.pom
2018-07-09 18:30:53,889 [Worker-51] INFO  o.e.m.c.i.e.AbstractTransferListenerAdapter - Downloading https://repo.maven.apache.org/maven2/org/apache/commons/commons-compress/1.9/commons-compress-1.9.pom
2018-07-09 18:30:53,942 [Worker-51] INFO  o.e.m.c.i.e.AbstractTransferListenerAdapter - Downloaded https://repo.maven.apache.org/maven2/org/apache/commons/commons-compress/1.9/commons-compress-1.9.pom
2018-07-09 18:30:54,045 [Worker-51] INFO  o.e.m.c.i.e.AbstractTransferListenerAdapter - Downloading https://repo.maven.apache.org/maven2/org/codehaus/plexus/plexus-interpolation/1.21/plexus-interpolation-1.21.pom
2018-07-09 18:30:54,100 [Worker-51] INFO  o.e.m.c.i.e.AbstractTransferListenerAdapter - Downloaded https://repo.maven.apache.org/maven2/org/codehaus/plexus/plexus-interpolation/1.21/plexus-interpolation-1.21.pom
2018-07-09 18:30:54,151 [Worker-51] INFO  o.e.m.c.i.e.AbstractTransferListenerAdapter - Downloading https://repo.maven.apache.org/maven2/org/codehaus/plexus/plexus-archiver/2.9/plexus-archiver-2.9.pom
2018-07-09 18:30:54,215 [Worker-51] INFO  o.e.m.c.i.e.AbstractTransferListenerAdapter - Downloaded https://repo.maven.apache.org/maven2/org/codehaus/plexus/plexus-archiver/2.9/plexus-archiver-2.9.pom
2018-07-09 18:30:54,285 [Worker-51] INFO  o.e.m.c.i.e.AbstractTransferListenerAdapter - Downloading https://repo.maven.apache.org/maven2/org/codehaus/plexus/plexus-io/2.4/plexus-io-2.4.pom
2018-07-09 18:30:54,335 [Worker-51] INFO  o.e.m.c.i.e.AbstractTransferListenerAdapter - Downloaded https://repo.maven.apache.org/maven2/org/codehaus/plexus/plexus-io/2.4/plexus-io-2.4.pom
2018-07-09 18:30:54,563 [Worker-51] INFO  o.e.m.c.i.e.AbstractTransferListenerAdapter - Downloading https://repo.maven.apache.org/maven2/org/apache/maven/maven-archiver/2.6/maven-archiver-2.6.jar
2018-07-09 18:30:54,794 [Worker-51] INFO  o.e.m.c.i.e.AbstractTransferListenerAdapter - Downloaded https://repo.maven.apache.org/maven2/org/apache/maven/maven-archiver/2.6/maven-archiver-2.6.jar
2018-07-09 18:30:54,829 [Worker-51] INFO  o.e.m.c.i.e.AbstractTransferListenerAdapter - Downloading https://repo.maven.apache.org/maven2/org/codehaus/plexus/plexus-utils/3.0.20/plexus-utils-3.0.20.jar
2018-07-09 18:30:55,180 [Worker-51] INFO  o.e.m.c.i.e.AbstractTransferListenerAdapter - Downloaded https://repo.maven.apache.org/maven2/org/codehaus/plexus/plexus-utils/3.0.20/plexus-utils-3.0.20.jar
2018-07-09 18:30:55,231 [Worker-51] INFO  o.e.m.c.i.e.AbstractTransferListenerAdapter - Downloading https://repo.maven.apache.org/maven2/org/codehaus/plexus/plexus-archiver/2.9/plexus-archiver-2.9.jar
2018-07-09 18:30:55,506 [Worker-51] INFO  o.e.m.c.i.e.AbstractTransferListenerAdapter - Downloaded https://repo.maven.apache.org/maven2/org/codehaus/plexus/plexus-archiver/2.9/plexus-archiver-2.9.jar
2018-07-09 18:30:55,549 [Worker-51] INFO  o.e.m.c.i.e.AbstractTransferListenerAdapter - Downloading https://repo.maven.apache.org/maven2/org/codehaus/plexus/plexus-io/2.4/plexus-io-2.4.jar
2018-07-09 18:30:55,740 [Worker-51] INFO  o.e.m.c.i.e.AbstractTransferListenerAdapter - Downloaded https://repo.maven.apache.org/maven2/org/codehaus/plexus/plexus-io/2.4/plexus-io-2.4.jar
2018-07-09 18:30:55,778 [Worker-51] INFO  o.e.m.c.i.e.AbstractTransferListenerAdapter - Downloading https://repo.maven.apache.org/maven2/commons-io/commons-io/2.2/commons-io-2.2.jar
2018-07-09 18:30:55,923 [Worker-51] INFO  o.e.m.c.i.e.AbstractTransferListenerAdapter - Downloaded https://repo.maven.apache.org/maven2/commons-io/commons-io/2.2/commons-io-2.2.jar
2018-07-09 18:30:55,972 [Worker-51] INFO  o.e.m.c.i.e.AbstractTransferListenerAdapter - Downloading https://repo.maven.apache.org/maven2/org/apache/commons/commons-compress/1.9/commons-compress-1.9.jar
2018-07-09 18:30:56,407 [Worker-51] INFO  o.e.m.c.i.e.AbstractTransferListenerAdapter - Downloaded https://repo.maven.apache.org/maven2/org/apache/commons/commons-compress/1.9/commons-compress-1.9.jar
2018-07-09 18:31:35,488 [Worker-49] INFO  o.e.m.c.i.l.LifecycleMappingFactory - Using org.eclipse.m2e.jdt.JarLifecycleMapping lifecycle mapping for MavenProject: com.ajay:first-springboot-project:0.0.1-SNAPSHOT @ A:\javaP\Spring\boot\first-springboot-project\pom.xml.
2018-07-09 18:31:36,167 [Worker-49] INFO  o.e.m.c.i.embedder.EclipseLogger - Using 'UTF-8' encoding to copy filtered resources.
2018-07-09 18:31:36,170 [Worker-49] INFO  o.e.m.c.i.embedder.EclipseLogger - Copying 0 resource
2018-07-09 18:31:36,170 [Worker-49] INFO  o.e.m.c.i.embedder.EclipseLogger - Copying 0 resource
2018-07-09 18:31:36,174 [Worker-49] INFO  o.e.m.c.i.embedder.EclipseLogger - Using 'UTF-8' encoding to copy filtered resources.
2018-07-09 18:31:36,175 [Worker-49] INFO  o.e.m.c.i.embedder.EclipseLogger - Copying 0 resource
2018-07-09 18:31:59,365 [Worker-53] INFO  o.e.m.c.i.p.ProjectConfigurationManager - Update started
2018-07-09 18:32:00,122 [Worker-53] INFO  o.e.m.c.i.l.LifecycleMappingFactory - Using org.eclipse.m2e.jdt.JarLifecycleMapping lifecycle mapping for MavenProject: com.ajay:first-springboot-project:0.0.1-SNAPSHOT @ A:\javaP\Spring\boot\first-springboot-project\pom.xml.
2018-07-09 18:32:00,360 [Worker-53] INFO  o.e.m.j.i.AbstractJavaProjectConfigurator - Adding source folder /first-springboot-project/src/main/java
2018-07-09 18:32:00,361 [Worker-53] INFO  o.e.m.j.i.AbstractJavaProjectConfigurator - Adding resource folder /first-springboot-project/src/main/resources
2018-07-09 18:32:00,377 [Worker-53] INFO  o.e.m.j.i.AbstractJavaProjectConfigurator - Adding resource folder /first-springboot-project/src/main/resources
2018-07-09 18:32:00,392 [Worker-53] INFO  o.e.m.j.i.AbstractJavaProjectConfigurator - Adding source folder /first-springboot-project/src/test/java
2018-07-09 18:32:00,393 [Worker-53] INFO  o.e.m.j.i.AbstractJavaProjectConfigurator - Adding resource folder /first-springboot-project/src/test/resources
2018-07-09 18:32:00,728 [Worker-53] INFO  o.e.m.c.i.p.ProjectConfigurationManager - Update completed: 1 sec
2018-07-09 18:32:00,983 [Worker-52] INFO  o.e.m.c.i.embedder.EclipseLogger - Using 'UTF-8' encoding to copy filtered resources.
2018-07-09 18:32:00,985 [Worker-52] INFO  o.e.m.c.i.embedder.EclipseLogger - Copying 0 resource
2018-07-09 18:32:00,987 [Worker-52] INFO  o.e.m.c.i.embedder.EclipseLogger - Copying 0 resource
2018-07-09 18:32:00,991 [Worker-52] INFO  o.e.m.c.i.embedder.EclipseLogger - Using 'UTF-8' encoding to copy filtered resources.
2018-07-09 18:32:00,991 [Worker-52] INFO  o.e.m.c.i.embedder.EclipseLogger - Copying 0 resource
2018-07-09 18:33:43,102 [Worker-53] INFO  o.e.m.c.i.l.LifecycleMappingFactory - Using org.eclipse.m2e.jdt.JarLifecycleMapping lifecycle mapping for MavenProject: com.ajay:first-springboot-project:0.0.1-SNAPSHOT @ A:\javaP\Spring\boot\first-springboot-project\pom.xml.
2018-07-09 18:33:43,410 [Worker-53] INFO  o.e.m.c.i.e.AbstractTransferListenerAdapter - Downloading https://repo.maven.apache.org/maven2/org/springframework/boot/spring-boot-starter-web/1.4.0.RELEASE/spring-boot-starter-web-1.4.0.RELEASE.pom
2018-07-09 18:33:43,474 [Worker-53] INFO  o.e.m.c.i.e.AbstractTransferListenerAdapter - Downloaded https://repo.maven.apache.org/maven2/org/springframework/boot/spring-boot-starter-web/1.4.0.RELEASE/spring-boot-starter-web-1.4.0.RELEASE.pom
2018-07-09 18:33:43,528 [Worker-53] INFO  o.e.m.c.i.e.AbstractTransferListenerAdapter - Downloading https://repo.maven.apache.org/maven2/org/springframework/boot/spring-boot-starters/1.4.0.RELEASE/spring-boot-starters-1.4.0.RELEASE.pom
2018-07-09 18:33:43,574 [Worker-53] INFO  o.e.m.c.i.e.AbstractTransferListenerAdapter - Downloaded https://repo.maven.apache.org/maven2/org/springframework/boot/spring-boot-starters/1.4.0.RELEASE/spring-boot-starters-1.4.0.RELEASE.pom
2018-07-09 18:33:43,682 [Worker-53] INFO  o.e.m.c.i.e.AbstractTransferListenerAdapter - Downloading https://repo.maven.apache.org/maven2/org/springframework/boot/spring-boot-parent/1.4.0.RELEASE/spring-boot-parent-1.4.0.RELEASE.pom
2018-07-09 18:33:43,793 [Worker-53] INFO  o.e.m.c.i.e.AbstractTransferListenerAdapter - Downloaded https://repo.maven.apache.org/maven2/org/springframework/boot/spring-boot-parent/1.4.0.RELEASE/spring-boot-parent-1.4.0.RELEASE.pom
2018-07-09 18:33:43,987 [Worker-53] INFO  o.e.m.c.i.e.AbstractTransferListenerAdapter - Downloading https://repo.maven.apache.org/maven2/org/springframework/boot/spring-boot-starter/1.4.0.RELEASE/spring-boot-starter-1.4.0.RELEASE.pom
2018-07-09 18:33:44,040 [Worker-53] INFO  o.e.m.c.i.e.AbstractTransferListenerAdapter - Downloaded https://repo.maven.apache.org/maven2/org/springframework/boot/spring-boot-starter/1.4.0.RELEASE/spring-boot-starter-1.4.0.RELEASE.pom
2018-07-09 18:33:44,104 [Worker-53] INFO  o.e.m.c.i.e.AbstractTransferListenerAdapter - Downloading https://repo.maven.apache.org/maven2/org/springframework/boot/spring-boot/1.4.0.RELEASE/spring-boot-1.4.0.RELEASE.pom
2018-07-09 18:33:44,173 [Worker-53] INFO  o.e.m.c.i.e.AbstractTransferListenerAdapter - Downloaded https://repo.maven.apache.org/maven2/org/springframework/boot/spring-boot/1.4.0.RELEASE/spring-boot-1.4.0.RELEASE.pom
2018-07-09 18:33:44,244 [Worker-53] INFO  o.e.m.c.i.e.AbstractTransferListenerAdapter - Downloading https://repo.maven.apache.org/maven2/org/springframework/spring-core/4.3.2.RELEASE/spring-core-4.3.2.RELEASE.pom
2018-07-09 18:33:44,315 [Worker-53] INFO  o.e.m.c.i.e.AbstractTransferListenerAdapter - Downloaded https://repo.maven.apache.org/maven2/org/springframework/spring-core/4.3.2.RELEASE/spring-core-4.3.2.RELEASE.pom
2018-07-09 18:33:44,374 [Worker-53] INFO  o.e.m.c.i.e.AbstractTransferListenerAdapter - Downloading https://repo.maven.apache.org/maven2/org/springframework/spring-context/4.3.2.RELEASE/spring-context-4.3.2.RELEASE.pom
2018-07-09 18:33:44,429 [Worker-53] INFO  o.e.m.c.i.e.AbstractTransferListenerAdapter - Downloaded https://repo.maven.apache.org/maven2/org/springframework/spring-context/4.3.2.RELEASE/spring-context-4.3.2.RELEASE.pom
2018-07-09 18:33:44,492 [Worker-53] INFO  o.e.m.c.i.e.AbstractTransferListenerAdapter - Downloading https://repo.maven.apache.org/maven2/org/springframework/spring-aop/4.3.2.RELEASE/spring-aop-4.3.2.RELEASE.pom
2018-07-09 18:33:44,540 [Worker-53] INFO  o.e.m.c.i.e.AbstractTransferListenerAdapter - Downloaded https://repo.maven.apache.org/maven2/org/springframework/spring-aop/4.3.2.RELEASE/spring-aop-4.3.2.RELEASE.pom
2018-07-09 18:33:44,638 [Worker-53] INFO  o.e.m.c.i.e.AbstractTransferListenerAdapter - Downloading https://repo.maven.apache.org/maven2/org/springframework/spring-beans/4.3.2.RELEASE/spring-beans-4.3.2.RELEASE.pom
2018-07-09 18:33:44,687 [Worker-53] INFO  o.e.m.c.i.e.AbstractTransferListenerAdapter - Downloaded https://repo.maven.apache.org/maven2/org/springframework/spring-beans/4.3.2.RELEASE/spring-beans-4.3.2.RELEASE.pom
2018-07-09 18:33:44,745 [Worker-53] INFO  o.e.m.c.i.e.AbstractTransferListenerAdapter - Downloading https://repo.maven.apache.org/maven2/org/springframework/spring-expression/4.3.2.RELEASE/spring-expression-4.3.2.RELEASE.pom
2018-07-09 18:33:44,804 [Worker-53] INFO  o.e.m.c.i.e.AbstractTransferListenerAdapter - Downloaded https://repo.maven.apache.org/maven2/org/springframework/spring-expression/4.3.2.RELEASE/spring-expression-4.3.2.RELEASE.pom
2018-07-09 18:33:44,858 [Worker-53] INFO  o.e.m.c.i.e.AbstractTransferListenerAdapter - Downloading https://repo.maven.apache.org/maven2/org/springframework/boot/spring-boot-autoconfigure/1.4.0.RELEASE/spring-boot-autoconfigure-1.4.0.RELEASE.pom
2018-07-09 18:33:44,944 [Worker-53] INFO  o.e.m.c.i.e.AbstractTransferListenerAdapter - Downloaded https://repo.maven.apache.org/maven2/org/springframework/boot/spring-boot-autoconfigure/1.4.0.RELEASE/spring-boot-autoconfigure-1.4.0.RELEASE.pom
2018-07-09 18:33:45,044 [Worker-53] INFO  o.e.m.c.i.e.AbstractTransferListenerAdapter - Downloading https://repo.maven.apache.org/maven2/org/springframework/boot/spring-boot-starter-logging/1.4.0.RELEASE/spring-boot-starter-logging-1.4.0.RELEASE.pom
2018-07-09 18:33:45,090 [Worker-53] INFO  o.e.m.c.i.e.AbstractTransferListenerAdapter - Downloaded https://repo.maven.apache.org/maven2/org/springframework/boot/spring-boot-starter-logging/1.4.0.RELEASE/spring-boot-starter-logging-1.4.0.RELEASE.pom
2018-07-09 18:33:45,144 [Worker-53] INFO  o.e.m.c.i.e.AbstractTransferListenerAdapter - Downloading https://repo.maven.apache.org/maven2/ch/qos/logback/logback-classic/1.1.7/logback-classic-1.1.7.pom
2018-07-09 18:33:45,207 [Worker-53] INFO  o.e.m.c.i.e.AbstractTransferListenerAdapter - Downloaded https://repo.maven.apache.org/maven2/ch/qos/logback/logback-classic/1.1.7/logback-classic-1.1.7.pom
2018-07-09 18:33:45,284 [Worker-53] INFO  o.e.m.c.i.e.AbstractTransferListenerAdapter - Downloading https://repo.maven.apache.org/maven2/ch/qos/logback/logback-parent/1.1.7/logback-parent-1.1.7.pom
2018-07-09 18:33:45,409 [Worker-53] INFO  o.e.m.c.i.e.AbstractTransferListenerAdapter - Downloaded https://repo.maven.apache.org/maven2/ch/qos/logback/logback-parent/1.1.7/logback-parent-1.1.7.pom
2018-07-09 18:33:45,481 [Worker-53] INFO  o.e.m.c.i.e.AbstractTransferListenerAdapter - Downloading https://repo.maven.apache.org/maven2/ch/qos/logback/logback-core/1.1.7/logback-core-1.1.7.pom
2018-07-09 18:33:45,542 [Worker-53] INFO  o.e.m.c.i.e.AbstractTransferListenerAdapter - Downloaded https://repo.maven.apache.org/maven2/ch/qos/logback/logback-core/1.1.7/logback-core-1.1.7.pom
2018-07-09 18:33:45,596 [Worker-53] INFO  o.e.m.c.i.e.AbstractTransferListenerAdapter - Downloading https://repo.maven.apache.org/maven2/org/slf4j/slf4j-api/1.7.21/slf4j-api-1.7.21.pom
2018-07-09 18:33:45,648 [Worker-53] INFO  o.e.m.c.i.e.AbstractTransferListenerAdapter - Downloaded https://repo.maven.apache.org/maven2/org/slf4j/slf4j-api/1.7.21/slf4j-api-1.7.21.pom
2018-07-09 18:33:45,690 [Worker-53] INFO  o.e.m.c.i.e.AbstractTransferListenerAdapter - Downloading https://repo.maven.apache.org/maven2/org/slf4j/slf4j-parent/1.7.21/slf4j-parent-1.7.21.pom
2018-07-09 18:33:45,757 [Worker-53] INFO  o.e.m.c.i.e.AbstractTransferListenerAdapter - Downloaded https://repo.maven.apache.org/maven2/org/slf4j/slf4j-parent/1.7.21/slf4j-parent-1.7.21.pom
2018-07-09 18:33:45,804 [Worker-53] INFO  o.e.m.c.i.e.AbstractTransferListenerAdapter - Downloading https://repo.maven.apache.org/maven2/org/slf4j/jcl-over-slf4j/1.7.21/jcl-over-slf4j-1.7.21.pom
2018-07-09 18:33:45,878 [Worker-53] INFO  o.e.m.c.i.e.AbstractTransferListenerAdapter - Downloaded https://repo.maven.apache.org/maven2/org/slf4j/jcl-over-slf4j/1.7.21/jcl-over-slf4j-1.7.21.pom
2018-07-09 18:33:45,951 [Worker-53] INFO  o.e.m.c.i.e.AbstractTransferListenerAdapter - Downloading https://repo.maven.apache.org/maven2/org/slf4j/jul-to-slf4j/1.7.21/jul-to-slf4j-1.7.21.pom
2018-07-09 18:33:46,000 [Worker-53] INFO  o.e.m.c.i.e.AbstractTransferListenerAdapter - Downloaded https://repo.maven.apache.org/maven2/org/slf4j/jul-to-slf4j/1.7.21/jul-to-slf4j-1.7.21.pom
2018-07-09 18:33:46,054 [Worker-53] INFO  o.e.m.c.i.e.AbstractTransferListenerAdapter - Downloading https://repo.maven.apache.org/maven2/org/slf4j/log4j-over-slf4j/1.7.21/log4j-over-slf4j-1.7.21.pom
2018-07-09 18:33:46,102 [Worker-53] INFO  o.e.m.c.i.e.AbstractTransferListenerAdapter - Downloaded https://repo.maven.apache.org/maven2/org/slf4j/log4j-over-slf4j/1.7.21/log4j-over-slf4j-1.7.21.pom
2018-07-09 18:33:46,165 [Worker-53] INFO  o.e.m.c.i.e.AbstractTransferListenerAdapter - Downloading https://repo.maven.apache.org/maven2/org/yaml/snakeyaml/1.17/snakeyaml-1.17.pom
2018-07-09 18:33:46,257 [Worker-53] INFO  o.e.m.c.i.e.AbstractTransferListenerAdapter - Downloaded https://repo.maven.apache.org/maven2/org/yaml/snakeyaml/1.17/snakeyaml-1.17.pom
2018-07-09 18:33:46,319 [Worker-53] INFO  o.e.m.c.i.e.AbstractTransferListenerAdapter - Downloading https://repo.maven.apache.org/maven2/org/springframework/boot/spring-boot-starter-tomcat/1.4.0.RELEASE/spring-boot-starter-tomcat-1.4.0.RELEASE.pom
2018-07-09 18:33:46,432 [Worker-53] INFO  o.e.m.c.i.e.AbstractTransferListenerAdapter - Downloaded https://repo.maven.apache.org/maven2/org/springframework/boot/spring-boot-starter-tomcat/1.4.0.RELEASE/spring-boot-starter-tomcat-1.4.0.RELEASE.pom
2018-07-09 18:33:46,497 [Worker-53] INFO  o.e.m.c.i.e.AbstractTransferListenerAdapter - Downloading https://repo.maven.apache.org/maven2/org/apache/tomcat/embed/tomcat-embed-core/8.5.4/tomcat-embed-core-8.5.4.pom
2018-07-09 18:33:46,551 [Worker-53] INFO  o.e.m.c.i.e.AbstractTransferListenerAdapter - Downloaded https://repo.maven.apache.org/maven2/org/apache/tomcat/embed/tomcat-embed-core/8.5.4/tomcat-embed-core-8.5.4.pom
2018-07-09 18:33:46,639 [Worker-53] INFO  o.e.m.c.i.e.AbstractTransferListenerAdapter - Downloading https://repo.maven.apache.org/maven2/org/apache/tomcat/embed/tomcat-embed-el/8.5.4/tomcat-embed-el-8.5.4.pom
2018-07-09 18:33:46,703 [Worker-53] INFO  o.e.m.c.i.e.AbstractTransferListenerAdapter - Downloaded https://repo.maven.apache.org/maven2/org/apache/tomcat/embed/tomcat-embed-el/8.5.4/tomcat-embed-el-8.5.4.pom
2018-07-09 18:33:46,770 [Worker-53] INFO  o.e.m.c.i.e.AbstractTransferListenerAdapter - Downloading https://repo.maven.apache.org/maven2/org/apache/tomcat/embed/tomcat-embed-websocket/8.5.4/tomcat-embed-websocket-8.5.4.pom
2018-07-09 18:33:46,839 [Worker-53] INFO  o.e.m.c.i.e.AbstractTransferListenerAdapter - Downloaded https://repo.maven.apache.org/maven2/org/apache/tomcat/embed/tomcat-embed-websocket/8.5.4/tomcat-embed-websocket-8.5.4.pom
2018-07-09 18:33:46,929 [Worker-53] INFO  o.e.m.c.i.e.AbstractTransferListenerAdapter - Downloading https://repo.maven.apache.org/maven2/org/hibernate/hibernate-validator/5.2.4.Final/hibernate-validator-5.2.4.Final.pom
2018-07-09 18:33:46,992 [Worker-53] INFO  o.e.m.c.i.e.AbstractTransferListenerAdapter - Downloaded https://repo.maven.apache.org/maven2/org/hibernate/hibernate-validator/5.2.4.Final/hibernate-validator-5.2.4.Final.pom
2018-07-09 18:33:47,053 [Worker-53] INFO  o.e.m.c.i.e.AbstractTransferListenerAdapter - Downloading https://repo.maven.apache.org/maven2/org/hibernate/hibernate-validator-parent/5.2.4.Final/hibernate-validator-parent-5.2.4.Final.pom
2018-07-09 18:33:47,157 [Worker-53] INFO  o.e.m.c.i.e.AbstractTransferListenerAdapter - Downloaded https://repo.maven.apache.org/maven2/org/hibernate/hibernate-validator-parent/5.2.4.Final/hibernate-validator-parent-5.2.4.Final.pom
2018-07-09 18:33:47,226 [Worker-53] INFO  o.e.m.c.i.e.AbstractTransferListenerAdapter - Downloading https://repo.maven.apache.org/maven2/org/jboss/arquillian/arquillian-bom/1.1.9.Final/arquillian-bom-1.1.9.Final.pom
2018-07-09 18:33:47,278 [Worker-53] INFO  o.e.m.c.i.e.AbstractTransferListenerAdapter - Downloaded https://repo.maven.apache.org/maven2/org/jboss/arquillian/arquillian-bom/1.1.9.Final/arquillian-bom-1.1.9.Final.pom
2018-07-09 18:33:47,562 [Worker-53] INFO  o.e.m.c.i.e.AbstractTransferListenerAdapter - Downloaded http://repo.spring.io/ext-release-local/org/jboss/shrinkwrap/shrinkwrap-bom/1.2.2/shrinkwrap-bom-1.2.2.pom
2018-07-09 18:33:47,674 [Worker-53] INFO  o.e.m.c.i.e.AbstractTransferListenerAdapter - Downloaded http://repo.spring.io/milestone/org/jboss/shrinkwrap/shrinkwrap-bom/1.2.2/shrinkwrap-bom-1.2.2.pom
2018-07-09 18:33:47,793 [Worker-53] INFO  o.e.m.c.i.e.AbstractTransferListenerAdapter - Downloaded http://repo.spring.io/snapshot/org/jboss/shrinkwrap/shrinkwrap-bom/1.2.2/shrinkwrap-bom-1.2.2.pom
2018-07-09 18:33:47,839 [Worker-53] INFO  o.e.m.c.i.e.AbstractTransferListenerAdapter - Downloading https://repo.maven.apache.org/maven2/org/jboss/shrinkwrap/shrinkwrap-bom/1.2.2/shrinkwrap-bom-1.2.2.pom
2018-07-09 18:33:48,022 [Worker-53] INFO  o.e.m.c.i.e.AbstractTransferListenerAdapter - Downloaded https://repo.maven.apache.org/maven2/org/jboss/shrinkwrap/shrinkwrap-bom/1.2.2/shrinkwrap-bom-1.2.2.pom
2018-07-09 18:33:48,150 [Worker-53] INFO  o.e.m.c.i.e.AbstractTransferListenerAdapter - Downloaded http://repo.spring.io/ext-release-local/org/jboss/shrinkwrap/resolver/shrinkwrap-resolver-bom/2.1.1/shrinkwrap-resolver-bom-2.1.1.pom
2018-07-09 18:33:48,268 [Worker-53] INFO  o.e.m.c.i.e.AbstractTransferListenerAdapter - Downloaded http://repo.spring.io/milestone/org/jboss/shrinkwrap/resolver/shrinkwrap-resolver-bom/2.1.1/shrinkwrap-resolver-bom-2.1.1.pom
2018-07-09 18:33:48,398 [Worker-53] INFO  o.e.m.c.i.e.AbstractTransferListenerAdapter - Downloaded http://repo.spring.io/snapshot/org/jboss/shrinkwrap/resolver/shrinkwrap-resolver-bom/2.1.1/shrinkwrap-resolver-bom-2.1.1.pom
2018-07-09 18:33:48,447 [Worker-53] INFO  o.e.m.c.i.e.AbstractTransferListenerAdapter - Downloading https://repo.maven.apache.org/maven2/org/jboss/shrinkwrap/resolver/shrinkwrap-resolver-bom/2.1.1/shrinkwrap-resolver-bom-2.1.1.pom
2018-07-09 18:33:48,512 [Worker-53] INFO  o.e.m.c.i.e.AbstractTransferListenerAdapter - Downloaded https://repo.maven.apache.org/maven2/org/jboss/shrinkwrap/resolver/shrinkwrap-resolver-bom/2.1.1/shrinkwrap-resolver-bom-2.1.1.pom
2018-07-09 18:33:48,622 [Worker-53] INFO  o.e.m.c.i.e.AbstractTransferListenerAdapter - Downloaded http://repo.spring.io/ext-release-local/org/jboss/shrinkwrap/descriptors/shrinkwrap-descriptors-bom/2.0.0-alpha-7/shrinkwrap-descriptors-bom-2.0.0-alpha-7.pom
2018-07-09 18:33:48,755 [Worker-53] INFO  o.e.m.c.i.e.AbstractTransferListenerAdapter - Downloaded http://repo.spring.io/milestone/org/jboss/shrinkwrap/descriptors/shrinkwrap-descriptors-bom/2.0.0-alpha-7/shrinkwrap-descriptors-bom-2.0.0-alpha-7.pom
2018-07-09 18:33:48,872 [Worker-53] INFO  o.e.m.c.i.e.AbstractTransferListenerAdapter - Downloaded http://repo.spring.io/snapshot/org/jboss/shrinkwrap/descriptors/shrinkwrap-descriptors-bom/2.0.0-alpha-7/shrinkwrap-descriptors-bom-2.0.0-alpha-7.pom
2018-07-09 18:33:48,921 [Worker-53] INFO  o.e.m.c.i.e.AbstractTransferListenerAdapter - Downloading https://repo.maven.apache.org/maven2/org/jboss/shrinkwrap/descriptors/shrinkwrap-descriptors-bom/2.0.0-alpha-7/shrinkwrap-descriptors-bom-2.0.0-alpha-7.pom
2018-07-09 18:33:48,982 [Worker-53] INFO  o.e.m.c.i.e.AbstractTransferListenerAdapter - Downloaded https://repo.maven.apache.org/maven2/org/jboss/shrinkwrap/descriptors/shrinkwrap-descriptors-bom/2.0.0-alpha-7/shrinkwrap-descriptors-bom-2.0.0-alpha-7.pom
2018-07-09 18:33:49,241 [Worker-53] INFO  o.e.m.c.i.e.AbstractTransferListenerAdapter - Downloading https://repo.maven.apache.org/maven2/com/fasterxml/classmate/1.3.1/classmate-1.3.1.pom
2018-07-09 18:33:49,291 [Worker-53] INFO  o.e.m.c.i.e.AbstractTransferListenerAdapter - Downloaded https://repo.maven.apache.org/maven2/com/fasterxml/classmate/1.3.1/classmate-1.3.1.pom
2018-07-09 18:33:49,455 [Worker-53] INFO  o.e.m.c.i.e.AbstractTransferListenerAdapter - Downloading https://repo.maven.apache.org/maven2/com/fasterxml/jackson/core/jackson-databind/2.8.1/jackson-databind-2.8.1.pom
2018-07-09 18:33:49,526 [Worker-53] INFO  o.e.m.c.i.e.AbstractTransferListenerAdapter - Downloaded https://repo.maven.apache.org/maven2/com/fasterxml/jackson/core/jackson-databind/2.8.1/jackson-databind-2.8.1.pom
2018-07-09 18:33:49,588 [Worker-53] INFO  o.e.m.c.i.e.AbstractTransferListenerAdapter - Downloading https://repo.maven.apache.org/maven2/com/fasterxml/jackson/jackson-parent/2.8/jackson-parent-2.8.pom
2018-07-09 18:33:49,641 [Worker-53] INFO  o.e.m.c.i.e.AbstractTransferListenerAdapter - Downloaded https://repo.maven.apache.org/maven2/com/fasterxml/jackson/jackson-parent/2.8/jackson-parent-2.8.pom
2018-07-09 18:33:49,700 [Worker-53] INFO  o.e.m.c.i.e.AbstractTransferListenerAdapter - Downloading https://repo.maven.apache.org/maven2/com/fasterxml/oss-parent/27/oss-parent-27.pom
2018-07-09 18:33:49,780 [Worker-53] INFO  o.e.m.c.i.e.AbstractTransferListenerAdapter - Downloaded https://repo.maven.apache.org/maven2/com/fasterxml/oss-parent/27/oss-parent-27.pom
2018-07-09 18:33:49,854 [Worker-53] INFO  o.e.m.c.i.e.AbstractTransferListenerAdapter - Downloading https://repo.maven.apache.org/maven2/com/fasterxml/jackson/core/jackson-annotations/2.8.1/jackson-annotations-2.8.1.pom
2018-07-09 18:33:49,917 [Worker-53] INFO  o.e.m.c.i.e.AbstractTransferListenerAdapter - Downloaded https://repo.maven.apache.org/maven2/com/fasterxml/jackson/core/jackson-annotations/2.8.1/jackson-annotations-2.8.1.pom
2018-07-09 18:33:49,973 [Worker-53] INFO  o.e.m.c.i.e.AbstractTransferListenerAdapter - Downloading https://repo.maven.apache.org/maven2/com/fasterxml/jackson/core/jackson-core/2.8.1/jackson-core-2.8.1.pom
2018-07-09 18:33:50,023 [Worker-53] INFO  o.e.m.c.i.e.AbstractTransferListenerAdapter - Downloaded https://repo.maven.apache.org/maven2/com/fasterxml/jackson/core/jackson-core/2.8.1/jackson-core-2.8.1.pom
2018-07-09 18:33:50,110 [Worker-53] INFO  o.e.m.c.i.e.AbstractTransferListenerAdapter - Downloading https://repo.maven.apache.org/maven2/org/springframework/spring-web/4.3.2.RELEASE/spring-web-4.3.2.RELEASE.pom
2018-07-09 18:33:50,167 [Worker-53] INFO  o.e.m.c.i.e.AbstractTransferListenerAdapter - Downloaded https://repo.maven.apache.org/maven2/org/springframework/spring-web/4.3.2.RELEASE/spring-web-4.3.2.RELEASE.pom
2018-07-09 18:33:50,234 [Worker-53] INFO  o.e.m.c.i.e.AbstractTransferListenerAdapter - Downloading https://repo.maven.apache.org/maven2/org/springframework/spring-webmvc/4.3.2.RELEASE/spring-webmvc-4.3.2.RELEASE.pom
2018-07-09 18:33:50,302 [Worker-53] INFO  o.e.m.c.i.e.AbstractTransferListenerAdapter - Downloaded https://repo.maven.apache.org/maven2/org/springframework/spring-webmvc/4.3.2.RELEASE/spring-webmvc-4.3.2.RELEASE.pom
2018-07-09 18:33:50,453 [Worker-53] INFO  o.e.m.c.i.e.AbstractTransferListenerAdapter - Downloading https://repo.maven.apache.org/maven2/org/springframework/boot/spring-boot-starter-web/1.4.0.RELEASE/spring-boot-starter-web-1.4.0.RELEASE.jar
2018-07-09 18:33:50,574 [Worker-53] INFO  o.e.m.c.i.e.AbstractTransferListenerAdapter - Downloaded https://repo.maven.apache.org/maven2/org/springframework/boot/spring-boot-starter-web/1.4.0.RELEASE/spring-boot-starter-web-1.4.0.RELEASE.jar
2018-07-09 18:33:50,604 [Worker-53] INFO  o.e.m.c.i.e.AbstractTransferListenerAdapter - Downloading https://repo.maven.apache.org/maven2/org/springframework/boot/spring-boot-starter/1.4.0.RELEASE/spring-boot-starter-1.4.0.RELEASE.jar
2018-07-09 18:33:50,692 [Worker-53] INFO  o.e.m.c.i.e.AbstractTransferListenerAdapter - Downloaded https://repo.maven.apache.org/maven2/org/springframework/boot/spring-boot-starter/1.4.0.RELEASE/spring-boot-starter-1.4.0.RELEASE.jar
2018-07-09 18:33:50,744 [Worker-53] INFO  o.e.m.c.i.e.AbstractTransferListenerAdapter - Downloading https://repo.maven.apache.org/maven2/org/springframework/boot/spring-boot/1.4.0.RELEASE/spring-boot-1.4.0.RELEASE.jar
2018-07-09 18:33:51,724 [Worker-53] INFO  o.e.m.c.i.e.AbstractTransferListenerAdapter - Downloaded https://repo.maven.apache.org/maven2/org/springframework/boot/spring-boot/1.4.0.RELEASE/spring-boot-1.4.0.RELEASE.jar
2018-07-09 18:33:51,805 [Worker-53] INFO  o.e.m.c.i.e.AbstractTransferListenerAdapter - Downloading https://repo.maven.apache.org/maven2/org/springframework/boot/spring-boot-autoconfigure/1.4.0.RELEASE/spring-boot-autoconfigure-1.4.0.RELEASE.jar
2018-07-09 18:33:53,943 [Worker-53] INFO  o.e.m.c.i.e.AbstractTransferListenerAdapter - Downloaded https://repo.maven.apache.org/maven2/org/springframework/boot/spring-boot-autoconfigure/1.4.0.RELEASE/spring-boot-autoconfigure-1.4.0.RELEASE.jar
2018-07-09 18:33:53,978 [Worker-53] INFO  o.e.m.c.i.e.AbstractTransferListenerAdapter - Downloading https://repo.maven.apache.org/maven2/org/springframework/boot/spring-boot-starter-logging/1.4.0.RELEASE/spring-boot-starter-logging-1.4.0.RELEASE.jar
2018-07-09 18:33:54,090 [Worker-53] INFO  o.e.m.c.i.e.AbstractTransferListenerAdapter - Downloaded https://repo.maven.apache.org/maven2/org/springframework/boot/spring-boot-starter-logging/1.4.0.RELEASE/spring-boot-starter-logging-1.4.0.RELEASE.jar
2018-07-09 18:33:54,126 [Worker-53] INFO  o.e.m.c.i.e.AbstractTransferListenerAdapter - Downloading https://repo.maven.apache.org/maven2/ch/qos/logback/logback-classic/1.1.7/logback-classic-1.1.7.jar
2018-07-09 18:33:54,841 [Worker-53] INFO  o.e.m.c.i.e.AbstractTransferListenerAdapter - Downloaded https://repo.maven.apache.org/maven2/ch/qos/logback/logback-classic/1.1.7/logback-classic-1.1.7.jar
2018-07-09 18:33:54,879 [Worker-53] INFO  o.e.m.c.i.e.AbstractTransferListenerAdapter - Downloading https://repo.maven.apache.org/maven2/ch/qos/logback/logback-core/1.1.7/logback-core-1.1.7.jar
2018-07-09 18:33:56,585 [Worker-53] INFO  o.e.m.c.i.e.AbstractTransferListenerAdapter - Downloaded https://repo.maven.apache.org/maven2/ch/qos/logback/logback-core/1.1.7/logback-core-1.1.7.jar
2018-07-09 18:33:56,627 [Worker-53] INFO  o.e.m.c.i.e.AbstractTransferListenerAdapter - Downloading https://repo.maven.apache.org/maven2/org/slf4j/slf4j-api/1.7.21/slf4j-api-1.7.21.jar
2018-07-09 18:33:57,075 [Worker-53] INFO  o.e.m.c.i.e.AbstractTransferListenerAdapter - Downloaded https://repo.maven.apache.org/maven2/org/slf4j/slf4j-api/1.7.21/slf4j-api-1.7.21.jar
2018-07-09 18:33:57,123 [Worker-53] INFO  o.e.m.c.i.e.AbstractTransferListenerAdapter - Downloading https://repo.maven.apache.org/maven2/org/slf4j/jcl-over-slf4j/1.7.21/jcl-over-slf4j-1.7.21.jar
2018-07-09 18:33:57,305 [Worker-53] INFO  o.e.m.c.i.e.AbstractTransferListenerAdapter - Downloaded https://repo.maven.apache.org/maven2/org/slf4j/jcl-over-slf4j/1.7.21/jcl-over-slf4j-1.7.21.jar
2018-07-09 18:33:57,365 [Worker-53] INFO  o.e.m.c.i.e.AbstractTransferListenerAdapter - Downloading https://repo.maven.apache.org/maven2/org/slf4j/jul-to-slf4j/1.7.21/jul-to-slf4j-1.7.21.jar
2018-07-09 18:33:57,453 [Worker-53] INFO  o.e.m.c.i.e.AbstractTransferListenerAdapter - Downloaded https://repo.maven.apache.org/maven2/org/slf4j/jul-to-slf4j/1.7.21/jul-to-slf4j-1.7.21.jar
2018-07-09 18:33:57,494 [Worker-53] INFO  o.e.m.c.i.e.AbstractTransferListenerAdapter - Downloading https://repo.maven.apache.org/maven2/org/slf4j/log4j-over-slf4j/1.7.21/log4j-over-slf4j-1.7.21.jar
2018-07-09 18:33:57,855 [Worker-53] INFO  o.e.m.c.i.e.AbstractTransferListenerAdapter - Downloaded https://repo.maven.apache.org/maven2/org/slf4j/log4j-over-slf4j/1.7.21/log4j-over-slf4j-1.7.21.jar
2018-07-09 18:33:57,917 [Worker-53] INFO  o.e.m.c.i.e.AbstractTransferListenerAdapter - Downloading https://repo.maven.apache.org/maven2/org/springframework/spring-core/4.3.2.RELEASE/spring-core-4.3.2.RELEASE.jar
2018-07-09 18:34:00,224 [Worker-53] INFO  o.e.m.c.i.e.AbstractTransferListenerAdapter - Downloaded https://repo.maven.apache.org/maven2/org/springframework/spring-core/4.3.2.RELEASE/spring-core-4.3.2.RELEASE.jar
2018-07-09 18:34:00,254 [Worker-53] INFO  o.e.m.c.i.e.AbstractTransferListenerAdapter - Downloading https://repo.maven.apache.org/maven2/org/yaml/snakeyaml/1.17/snakeyaml-1.17.jar
2018-07-09 18:34:00,632 [Worker-53] INFO  o.e.m.c.i.e.AbstractTransferListenerAdapter - Downloaded https://repo.maven.apache.org/maven2/org/yaml/snakeyaml/1.17/snakeyaml-1.17.jar
2018-07-09 18:34:00,666 [Worker-53] INFO  o.e.m.c.i.e.AbstractTransferListenerAdapter - Downloading https://repo.maven.apache.org/maven2/org/springframework/boot/spring-boot-starter-tomcat/1.4.0.RELEASE/spring-boot-starter-tomcat-1.4.0.RELEASE.jar
2018-07-09 18:34:00,792 [Worker-53] INFO  o.e.m.c.i.e.AbstractTransferListenerAdapter - Downloaded https://repo.maven.apache.org/maven2/org/springframework/boot/spring-boot-starter-tomcat/1.4.0.RELEASE/spring-boot-starter-tomcat-1.4.0.RELEASE.jar
2018-07-09 18:34:00,874 [Worker-53] INFO  o.e.m.c.i.e.AbstractTransferListenerAdapter - Downloading https://repo.maven.apache.org/maven2/org/apache/tomcat/embed/tomcat-embed-core/8.5.4/tomcat-embed-core-8.5.4.jar
2018-07-09 18:34:02,174 [Worker-53] INFO  o.e.m.c.i.e.AbstractTransferListenerAdapter - Downloaded https://repo.maven.apache.org/maven2/org/apache/tomcat/embed/tomcat-embed-core/8.5.4/tomcat-embed-core-8.5.4.jar
2018-07-09 18:34:02,216 [Worker-53] INFO  o.e.m.c.i.e.AbstractTransferListenerAdapter - Downloading https://repo.maven.apache.org/maven2/org/apache/tomcat/embed/tomcat-embed-el/8.5.4/tomcat-embed-el-8.5.4.jar
2018-07-09 18:34:02,332 [Worker-53] INFO  o.e.m.c.i.e.AbstractTransferListenerAdapter - Downloaded https://repo.maven.apache.org/maven2/org/apache/tomcat/embed/tomcat-embed-el/8.5.4/tomcat-embed-el-8.5.4.jar
2018-07-09 18:34:02,407 [Worker-53] INFO  o.e.m.c.i.e.AbstractTransferListenerAdapter - Downloading https://repo.maven.apache.org/maven2/org/apache/tomcat/embed/tomcat-embed-websocket/8.5.4/tomcat-embed-websocket-8.5.4.jar
2018-07-09 18:34:02,556 [Worker-53] INFO  o.e.m.c.i.e.AbstractTransferListenerAdapter - Downloaded https://repo.maven.apache.org/maven2/org/apache/tomcat/embed/tomcat-embed-websocket/8.5.4/tomcat-embed-websocket-8.5.4.jar
2018-07-09 18:34:02,596 [Worker-53] INFO  o.e.m.c.i.e.AbstractTransferListenerAdapter - Downloading https://repo.maven.apache.org/maven2/org/hibernate/hibernate-validator/5.2.4.Final/hibernate-validator-5.2.4.Final.jar
2018-07-09 18:34:02,956 [Worker-53] INFO  o.e.m.c.i.e.AbstractTransferListenerAdapter - Downloaded https://repo.maven.apache.org/maven2/org/hibernate/hibernate-validator/5.2.4.Final/hibernate-validator-5.2.4.Final.jar
2018-07-09 18:34:02,992 [Worker-53] INFO  o.e.m.c.i.e.AbstractTransferListenerAdapter - Downloading https://repo.maven.apache.org/maven2/com/fasterxml/classmate/1.3.1/classmate-1.3.1.jar
2018-07-09 18:34:03,058 [Worker-53] INFO  o.e.m.c.i.e.AbstractTransferListenerAdapter - Downloaded https://repo.maven.apache.org/maven2/com/fasterxml/classmate/1.3.1/classmate-1.3.1.jar
2018-07-09 18:34:03,096 [Worker-53] INFO  o.e.m.c.i.e.AbstractTransferListenerAdapter - Downloading https://repo.maven.apache.org/maven2/com/fasterxml/jackson/core/jackson-databind/2.8.1/jackson-databind-2.8.1.jar
2018-07-09 18:34:03,584 [Worker-53] INFO  o.e.m.c.i.e.AbstractTransferListenerAdapter - Downloaded https://repo.maven.apache.org/maven2/com/fasterxml/jackson/core/jackson-databind/2.8.1/jackson-databind-2.8.1.jar
2018-07-09 18:34:03,621 [Worker-53] INFO  o.e.m.c.i.e.AbstractTransferListenerAdapter - Downloading https://repo.maven.apache.org/maven2/com/fasterxml/jackson/core/jackson-annotations/2.8.1/jackson-annotations-2.8.1.jar
2018-07-09 18:34:03,761 [Worker-53] INFO  o.e.m.c.i.e.AbstractTransferListenerAdapter - Downloaded https://repo.maven.apache.org/maven2/com/fasterxml/jackson/core/jackson-annotations/2.8.1/jackson-annotations-2.8.1.jar
2018-07-09 18:34:03,796 [Worker-53] INFO  o.e.m.c.i.e.AbstractTransferListenerAdapter - Downloading https://repo.maven.apache.org/maven2/com/fasterxml/jackson/core/jackson-core/2.8.1/jackson-core-2.8.1.jar
2018-07-09 18:34:03,938 [Worker-53] INFO  o.e.m.c.i.e.AbstractTransferListenerAdapter - Downloaded https://repo.maven.apache.org/maven2/com/fasterxml/jackson/core/jackson-core/2.8.1/jackson-core-2.8.1.jar
2018-07-09 18:34:04,000 [Worker-53] INFO  o.e.m.c.i.e.AbstractTransferListenerAdapter - Downloading https://repo.maven.apache.org/maven2/org/springframework/spring-web/4.3.2.RELEASE/spring-web-4.3.2.RELEASE.jar
2018-07-09 18:34:04,350 [Worker-53] INFO  o.e.m.c.i.e.AbstractTransferListenerAdapter - Downloaded https://repo.maven.apache.org/maven2/org/springframework/spring-web/4.3.2.RELEASE/spring-web-4.3.2.RELEASE.jar
2018-07-09 18:34:04,567 [Worker-53] INFO  o.e.m.c.i.e.AbstractTransferListenerAdapter - Downloading https://repo.maven.apache.org/maven2/org/springframework/spring-aop/4.3.2.RELEASE/spring-aop-4.3.2.RELEASE.jar
2018-07-09 18:34:04,656 [Worker-53] INFO  o.e.m.c.i.e.AbstractTransferListenerAdapter - Downloaded https://repo.maven.apache.org/maven2/org/springframework/spring-aop/4.3.2.RELEASE/spring-aop-4.3.2.RELEASE.jar
2018-07-09 18:34:04,708 [Worker-53] INFO  o.e.m.c.i.e.AbstractTransferListenerAdapter - Downloading https://repo.maven.apache.org/maven2/org/springframework/spring-beans/4.3.2.RELEASE/spring-beans-4.3.2.RELEASE.jar
2018-07-09 18:34:05,027 [Worker-53] INFO  o.e.m.c.i.e.AbstractTransferListenerAdapter - Downloaded https://repo.maven.apache.org/maven2/org/springframework/spring-beans/4.3.2.RELEASE/spring-beans-4.3.2.RELEASE.jar
2018-07-09 18:34:05,059 [Worker-53] INFO  o.e.m.c.i.e.AbstractTransferListenerAdapter - Downloading https://repo.maven.apache.org/maven2/org/springframework/spring-context/4.3.2.RELEASE/spring-context-4.3.2.RELEASE.jar
2018-07-09 18:34:05,539 [Worker-53] INFO  o.e.m.c.i.e.AbstractTransferListenerAdapter - Downloaded https://repo.maven.apache.org/maven2/org/springframework/spring-context/4.3.2.RELEASE/spring-context-4.3.2.RELEASE.jar
2018-07-09 18:34:05,594 [Worker-53] INFO  o.e.m.c.i.e.AbstractTransferListenerAdapter - Downloading https://repo.maven.apache.org/maven2/org/springframework/spring-webmvc/4.3.2.RELEASE/spring-webmvc-4.3.2.RELEASE.jar
2018-07-09 18:34:05,989 [Worker-53] INFO  o.e.m.c.i.e.AbstractTransferListenerAdapter - Downloaded https://repo.maven.apache.org/maven2/org/springframework/spring-webmvc/4.3.2.RELEASE/spring-webmvc-4.3.2.RELEASE.jar
2018-07-09 18:34:06,036 [Worker-53] INFO  o.e.m.c.i.e.AbstractTransferListenerAdapter - Downloading https://repo.maven.apache.org/maven2/org/springframework/spring-expression/4.3.2.RELEASE/spring-expression-4.3.2.RELEASE.jar
2018-07-09 18:34:06,193 [Worker-53] INFO  o.e.m.c.i.e.AbstractTransferListenerAdapter - Downloaded https://repo.maven.apache.org/maven2/org/springframework/spring-expression/4.3.2.RELEASE/spring-expression-4.3.2.RELEASE.jar
2018-07-09 18:34:13,844 [Worker-53] INFO  o.e.m.c.i.embedder.EclipseLogger - Using 'UTF-8' encoding to copy filtered resources.
2018-07-09 18:34:13,845 [Worker-53] INFO  o.e.m.c.i.embedder.EclipseLogger - Copying 0 resource
2018-07-09 18:34:13,846 [Worker-53] INFO  o.e.m.c.i.embedder.EclipseLogger - Copying 0 resource
2018-07-09 18:34:13,849 [Worker-53] INFO  o.e.m.c.i.embedder.EclipseLogger - Using 'UTF-8' encoding to copy filtered resources.
2018-07-09 18:34:13,849 [Worker-53] INFO  o.e.m.c.i.embedder.EclipseLogger - Copying 0 resource
2018-07-09 18:34:16,121 [Worker-54] INFO  o.e.m.c.i.embedder.EclipseLogger - Using 'UTF-8' encoding to copy filtered resources.
2018-07-09 18:34:16,140 [Worker-54] INFO  o.e.m.c.i.embedder.EclipseLogger - Copying 0 resource
2018-07-09 18:34:16,141 [Worker-54] INFO  o.e.m.c.i.embedder.EclipseLogger - Copying 0 resource
2018-07-09 18:34:16,143 [Worker-54] INFO  o.e.m.c.i.embedder.EclipseLogger - Using 'UTF-8' encoding to copy filtered resources.
2018-07-09 18:34:16,144 [Worker-54] INFO  o.e.m.c.i.embedder.EclipseLogger - Copying 0 resource
2018-07-09 18:52:48,294 [Worker-62] INFO  o.e.m.c.i.e.AbstractTransferListenerAdapter - Downloading https://repo.maven.apache.org/maven2/org/springframework/boot/spring-boot-maven-plugin/1.4.0.RELEASE/spring-boot-maven-plugin-1.4.0.RELEASE.pom
2018-07-09 18:52:48,360 [Worker-62] INFO  o.e.m.c.i.e.AbstractTransferListenerAdapter - Downloaded https://repo.maven.apache.org/maven2/org/springframework/boot/spring-boot-maven-plugin/1.4.0.RELEASE/spring-boot-maven-plugin-1.4.0.RELEASE.pom
2018-07-09 18:52:48,466 [Worker-62] INFO  o.e.m.c.i.e.AbstractTransferListenerAdapter - Downloading https://repo.maven.apache.org/maven2/org/springframework/boot/spring-boot-tools/1.4.0.RELEASE/spring-boot-tools-1.4.0.RELEASE.pom
2018-07-09 18:52:48,544 [Worker-62] INFO  o.e.m.c.i.e.AbstractTransferListenerAdapter - Downloaded https://repo.maven.apache.org/maven2/org/springframework/boot/spring-boot-tools/1.4.0.RELEASE/spring-boot-tools-1.4.0.RELEASE.pom
2018-07-09 18:52:48,701 [Worker-62] INFO  o.e.m.c.i.e.AbstractTransferListenerAdapter - Downloading https://repo.maven.apache.org/maven2/org/springframework/boot/spring-boot-maven-plugin/1.4.0.RELEASE/spring-boot-maven-plugin-1.4.0.RELEASE.jar
2018-07-09 18:52:48,856 [Worker-62] INFO  o.e.m.c.i.e.AbstractTransferListenerAdapter - Downloaded https://repo.maven.apache.org/maven2/org/springframework/boot/spring-boot-maven-plugin/1.4.0.RELEASE/spring-boot-maven-plugin-1.4.0.RELEASE.jar
2018-07-09 18:52:49,733 [Worker-62] INFO  o.e.m.c.i.l.LifecycleMappingFactory - Using org.eclipse.m2e.jdt.JarLifecycleMapping lifecycle mapping for MavenProject: com.ajay:first-springboot-project:0.0.1-SNAPSHOT @ A:\javaP\Spring\boot\first-springboot-project\pom.xml.
2018-07-09 18:52:50,266 [Worker-62] INFO  o.e.m.c.i.embedder.EclipseLogger - Using 'UTF-8' encoding to copy filtered resources.
2018-07-09 18:52:50,267 [Worker-62] INFO  o.e.m.c.i.embedder.EclipseLogger - Copying 0 resource
2018-07-09 18:52:50,268 [Worker-62] INFO  o.e.m.c.i.embedder.EclipseLogger - Copying 0 resource
2018-07-09 18:52:50,273 [Worker-62] INFO  o.e.m.c.i.embedder.EclipseLogger - Using 'UTF-8' encoding to copy filtered resources.
2018-07-09 18:52:50,273 [Worker-62] INFO  o.e.m.c.i.embedder.EclipseLogger - Copying 0 resource
2018-07-09 18:54:52,671 [Worker-62] INFO  o.e.m.c.i.embedder.EclipseLogger - Using 'UTF-8' encoding to copy filtered resources.
2018-07-09 18:54:52,672 [Worker-62] INFO  o.e.m.c.i.embedder.EclipseLogger - Copying 0 resource
2018-07-09 18:54:52,672 [Worker-62] INFO  o.e.m.c.i.embedder.EclipseLogger - Copying 0 resource
2018-07-09 18:54:52,675 [Worker-62] INFO  o.e.m.c.i.embedder.EclipseLogger - Using 'UTF-8' encoding to copy filtered resources.
2018-07-09 18:54:52,675 [Worker-62] INFO  o.e.m.c.i.embedder.EclipseLogger - Copying 0 resource
2018-07-09 18:55:25,728 [Worker-51] INFO  o.e.m.c.i.embedder.EclipseLogger - Using 'UTF-8' encoding to copy filtered resources.
2018-07-09 18:55:25,729 [Worker-51] INFO  o.e.m.c.i.embedder.EclipseLogger - Copying 0 resource
2018-07-09 18:55:25,730 [Worker-51] INFO  o.e.m.c.i.embedder.EclipseLogger - Copying 0 resource
2018-07-09 18:55:25,735 [Worker-51] INFO  o.e.m.c.i.embedder.EclipseLogger - Using 'UTF-8' encoding to copy filtered resources.
2018-07-09 18:55:25,736 [Worker-51] INFO  o.e.m.c.i.embedder.EclipseLogger - Copying 0 resource
2018-07-09 18:55:27,239 [Worker-66] INFO  o.e.m.c.i.embedder.EclipseLogger - Using 'UTF-8' encoding to copy filtered resources.
2018-07-09 18:55:27,239 [Worker-66] INFO  o.e.m.c.i.embedder.EclipseLogger - Copying 0 resource
2018-07-09 18:55:27,242 [Worker-66] INFO  o.e.m.c.i.embedder.EclipseLogger - Copying 0 resource
2018-07-09 18:55:27,250 [Worker-66] INFO  o.e.m.c.i.embedder.EclipseLogger - Using 'UTF-8' encoding to copy filtered resources.
2018-07-09 18:55:27,252 [Worker-66] INFO  o.e.m.c.i.embedder.EclipseLogger - Copying 0 resource
2018-07-09 18:55:37,382 [Worker-66] INFO  o.e.m.c.i.embedder.EclipseLogger - Using 'UTF-8' encoding to copy filtered resources.
2018-07-09 18:55:37,383 [Worker-66] INFO  o.e.m.c.i.embedder.EclipseLogger - Copying 0 resource
2018-07-09 18:55:37,383 [Worker-66] INFO  o.e.m.c.i.embedder.EclipseLogger - Copying 0 resource
2018-07-09 18:55:37,388 [Worker-66] INFO  o.e.m.c.i.embedder.EclipseLogger - Using 'UTF-8' encoding to copy filtered resources.
2018-07-09 18:55:37,388 [Worker-66] INFO  o.e.m.c.i.embedder.EclipseLogger - Copying 0 resource
2018-07-09 19:24:18,253 [Worker-78] INFO  o.e.m.c.i.embedder.EclipseLogger - Using 'UTF-8' encoding to copy filtered resources.
2018-07-09 19:24:18,256 [Worker-78] INFO  o.e.m.c.i.embedder.EclipseLogger - Copying 0 resource
2018-07-09 19:24:18,257 [Worker-78] INFO  o.e.m.c.i.embedder.EclipseLogger - Copying 0 resource
2018-07-09 19:24:18,266 [Worker-78] INFO  o.e.m.c.i.embedder.EclipseLogger - Using 'UTF-8' encoding to copy filtered resources.
2018-07-09 19:24:18,266 [Worker-78] INFO  o.e.m.c.i.embedder.EclipseLogger - Copying 0 resource
2018-07-09 19:27:32,829 [Worker-80] INFO  o.e.m.c.i.embedder.EclipseLogger - Using 'UTF-8' encoding to copy filtered resources.
2018-07-09 19:27:32,830 [Worker-80] INFO  o.e.m.c.i.embedder.EclipseLogger - Copying 0 resource
2018-07-09 19:27:32,836 [Worker-80] INFO  o.e.m.c.i.embedder.EclipseLogger - Copying 0 resource
2018-07-09 19:27:32,839 [Worker-80] INFO  o.e.m.c.i.embedder.EclipseLogger - Using 'UTF-8' encoding to copy filtered resources.
2018-07-09 19:27:32,840 [Worker-80] INFO  o.e.m.c.i.embedder.EclipseLogger - Copying 0 resource
2018-07-10 11:39:57,365 [Worker-230] INFO  o.e.m.c.i.embedder.EclipseLogger - Using 'UTF-8' encoding to copy filtered resources.
2018-07-10 11:39:57,368 [Worker-230] INFO  o.e.m.c.i.embedder.EclipseLogger - Copying 0 resource
2018-07-10 11:39:57,369 [Worker-230] INFO  o.e.m.c.i.embedder.EclipseLogger - Copying 0 resource
2018-07-10 11:39:57,375 [Worker-230] INFO  o.e.m.c.i.embedder.EclipseLogger - Using 'UTF-8' encoding to copy filtered resources.
2018-07-10 11:39:57,376 [Worker-230] INFO  o.e.m.c.i.embedder.EclipseLogger - Copying 0 resource
2018-07-10 11:47:15,653 [Worker-227] INFO  o.e.m.c.i.embedder.EclipseLogger - Using 'UTF-8' encoding to copy filtered resources.
2018-07-10 11:47:15,654 [Worker-227] INFO  o.e.m.c.i.embedder.EclipseLogger - Copying 0 resource
2018-07-10 11:47:15,667 [Worker-227] INFO  o.e.m.c.i.embedder.EclipseLogger - Copying 0 resource
2018-07-10 11:47:15,672 [Worker-227] INFO  o.e.m.c.i.embedder.EclipseLogger - Using 'UTF-8' encoding to copy filtered resources.
2018-07-10 11:47:15,672 [Worker-227] INFO  o.e.m.c.i.embedder.EclipseLogger - Copying 0 resource
2018-07-10 11:48:44,347 [Worker-233] INFO  o.e.m.c.i.embedder.EclipseLogger - Using 'UTF-8' encoding to copy filtered resources.
2018-07-10 11:48:44,348 [Worker-233] INFO  o.e.m.c.i.embedder.EclipseLogger - Copying 0 resource
2018-07-10 11:48:44,349 [Worker-233] INFO  o.e.m.c.i.embedder.EclipseLogger - Copying 0 resource
2018-07-10 11:48:44,352 [Worker-233] INFO  o.e.m.c.i.embedder.EclipseLogger - Using 'UTF-8' encoding to copy filtered resources.
2018-07-10 11:48:44,352 [Worker-233] INFO  o.e.m.c.i.embedder.EclipseLogger - Copying 0 resource
2018-07-10 11:49:53,118 [Worker-233] INFO  o.e.m.c.i.embedder.EclipseLogger - Using 'UTF-8' encoding to copy filtered resources.
2018-07-10 11:49:53,119 [Worker-233] INFO  o.e.m.c.i.embedder.EclipseLogger - Copying 0 resource
2018-07-10 11:49:53,119 [Worker-233] INFO  o.e.m.c.i.embedder.EclipseLogger - Copying 0 resource
2018-07-10 11:49:53,121 [Worker-233] INFO  o.e.m.c.i.embedder.EclipseLogger - Using 'UTF-8' encoding to copy filtered resources.
2018-07-10 11:49:53,122 [Worker-233] INFO  o.e.m.c.i.embedder.EclipseLogger - Copying 0 resource
2018-07-10 13:12:37,631 [Worker-271] INFO  o.e.m.c.i.embedder.EclipseLogger - Using 'UTF-8' encoding to copy filtered resources.
2018-07-10 13:12:37,634 [Worker-271] INFO  o.e.m.c.i.embedder.EclipseLogger - Copying 0 resource
2018-07-10 13:12:37,635 [Worker-271] INFO  o.e.m.c.i.embedder.EclipseLogger - Copying 0 resource
2018-07-10 13:12:37,640 [Worker-271] INFO  o.e.m.c.i.embedder.EclipseLogger - Using 'UTF-8' encoding to copy filtered resources.
2018-07-10 13:12:37,641 [Worker-271] INFO  o.e.m.c.i.embedder.EclipseLogger - Copying 0 resource
2018-07-10 13:13:20,696 [Worker-267] INFO  o.e.m.c.i.embedder.EclipseLogger - Using 'UTF-8' encoding to copy filtered resources.
2018-07-10 13:13:20,696 [Worker-267] INFO  o.e.m.c.i.embedder.EclipseLogger - Copying 0 resource
2018-07-10 13:13:20,697 [Worker-267] INFO  o.e.m.c.i.embedder.EclipseLogger - Copying 0 resource
2018-07-10 13:13:20,699 [Worker-267] INFO  o.e.m.c.i.embedder.EclipseLogger - Using 'UTF-8' encoding to copy filtered resources.
2018-07-10 13:13:20,700 [Worker-267] INFO  o.e.m.c.i.embedder.EclipseLogger - Copying 0 resource
2018-07-10 13:13:41,515 [Worker-273] INFO  o.e.m.c.i.embedder.EclipseLogger - Using 'UTF-8' encoding to copy filtered resources.
2018-07-10 13:13:41,516 [Worker-273] INFO  o.e.m.c.i.embedder.EclipseLogger - Copying 0 resource
2018-07-10 13:13:41,517 [Worker-273] INFO  o.e.m.c.i.embedder.EclipseLogger - Copying 0 resource
2018-07-10 13:13:41,520 [Worker-273] INFO  o.e.m.c.i.embedder.EclipseLogger - Using 'UTF-8' encoding to copy filtered resources.
2018-07-10 13:13:41,520 [Worker-273] INFO  o.e.m.c.i.embedder.EclipseLogger - Copying 0 resource
2018-07-10 13:14:40,460 [Worker-273] INFO  o.e.m.c.i.embedder.EclipseLogger - Using 'UTF-8' encoding to copy filtered resources.
2018-07-10 13:14:40,460 [Worker-273] INFO  o.e.m.c.i.embedder.EclipseLogger - Copying 0 resource
2018-07-10 13:14:40,461 [Worker-273] INFO  o.e.m.c.i.embedder.EclipseLogger - Copying 0 resource
2018-07-10 13:14:40,463 [Worker-273] INFO  o.e.m.c.i.embedder.EclipseLogger - Using 'UTF-8' encoding to copy filtered resources.
2018-07-10 13:14:40,463 [Worker-273] INFO  o.e.m.c.i.embedder.EclipseLogger - Copying 0 resource
2018-07-10 13:15:13,574 [Worker-274] INFO  o.e.m.c.i.embedder.EclipseLogger - Using 'UTF-8' encoding to copy filtered resources.
2018-07-10 13:15:13,575 [Worker-274] INFO  o.e.m.c.i.embedder.EclipseLogger - Copying 0 resource
2018-07-10 13:15:13,576 [Worker-274] INFO  o.e.m.c.i.embedder.EclipseLogger - Copying 0 resource
2018-07-10 13:15:13,582 [Worker-274] INFO  o.e.m.c.i.embedder.EclipseLogger - Using 'UTF-8' encoding to copy filtered resources.
2018-07-10 13:15:13,582 [Worker-274] INFO  o.e.m.c.i.embedder.EclipseLogger - Copying 0 resource
2018-07-10 13:16:07,707 [Worker-266] INFO  o.e.m.c.i.embedder.EclipseLogger - Using 'UTF-8' encoding to copy filtered resources.
2018-07-10 13:16:07,708 [Worker-266] INFO  o.e.m.c.i.embedder.EclipseLogger - Copying 0 resource
2018-07-10 13:16:07,708 [Worker-266] INFO  o.e.m.c.i.embedder.EclipseLogger - Copying 0 resource
2018-07-10 13:16:07,712 [Worker-266] INFO  o.e.m.c.i.embedder.EclipseLogger - Using 'UTF-8' encoding to copy filtered resources.
2018-07-10 13:16:07,713 [Worker-266] INFO  o.e.m.c.i.embedder.EclipseLogger - Copying 0 resource
2018-07-10 13:16:27,605 [Worker-274] INFO  o.e.m.c.i.embedder.EclipseLogger - Using 'UTF-8' encoding to copy filtered resources.
2018-07-10 13:16:27,606 [Worker-274] INFO  o.e.m.c.i.embedder.EclipseLogger - Copying 0 resource
2018-07-10 13:16:27,606 [Worker-274] INFO  o.e.m.c.i.embedder.EclipseLogger - Copying 0 resource
2018-07-10 13:16:27,609 [Worker-274] INFO  o.e.m.c.i.embedder.EclipseLogger - Using 'UTF-8' encoding to copy filtered resources.
2018-07-10 13:16:27,609 [Worker-274] INFO  o.e.m.c.i.embedder.EclipseLogger - Copying 0 resource
2018-07-10 13:16:50,366 [Worker-237] INFO  o.e.m.c.i.embedder.EclipseLogger - Using 'UTF-8' encoding to copy filtered resources.
2018-07-10 13:16:50,367 [Worker-237] INFO  o.e.m.c.i.embedder.EclipseLogger - Copying 0 resource
2018-07-10 13:16:50,368 [Worker-237] INFO  o.e.m.c.i.embedder.EclipseLogger - Copying 0 resource
2018-07-10 13:16:50,371 [Worker-237] INFO  o.e.m.c.i.embedder.EclipseLogger - Using 'UTF-8' encoding to copy filtered resources.
2018-07-10 13:16:50,371 [Worker-237] INFO  o.e.m.c.i.embedder.EclipseLogger - Copying 0 resource
2018-07-10 13:17:09,715 [Worker-273] INFO  o.e.m.c.i.embedder.EclipseLogger - Using 'UTF-8' encoding to copy filtered resources.
2018-07-10 13:17:09,715 [Worker-273] INFO  o.e.m.c.i.embedder.EclipseLogger - Copying 0 resource
2018-07-10 13:17:09,716 [Worker-273] INFO  o.e.m.c.i.embedder.EclipseLogger - Copying 0 resource
2018-07-10 13:17:09,718 [Worker-273] INFO  o.e.m.c.i.embedder.EclipseLogger - Using 'UTF-8' encoding to copy filtered resources.
2018-07-10 13:17:09,718 [Worker-273] INFO  o.e.m.c.i.embedder.EclipseLogger - Copying 0 resource
2018-07-13 14:23:23,604 [Worker-4] INFO  o.e.m.c.i.l.LifecycleMappingFactory - Using org.eclipse.m2e.jdt.JarLifecycleMapping lifecycle mapping for MavenProject: com.ajay:first-springboot-project:0.0.1-SNAPSHOT @ A:\javaP\Spring\boot\first-springboot-project\pom.xml.
2018-07-13 14:23:41,490 [Worker-8] INFO  o.e.m.c.i.embedder.EclipseLogger - Using 'UTF-8' encoding to copy filtered resources.
2018-07-13 14:23:41,498 [Worker-8] INFO  o.e.m.c.i.embedder.EclipseLogger - Copying 0 resource
2018-07-13 14:23:41,499 [Worker-8] INFO  o.e.m.c.i.embedder.EclipseLogger - Copying 0 resource
2018-07-13 14:23:41,505 [Worker-8] INFO  o.e.m.c.i.embedder.EclipseLogger - Using 'UTF-8' encoding to copy filtered resources.
2018-07-13 14:23:41,506 [Worker-8] INFO  o.e.m.c.i.embedder.EclipseLogger - Copying 0 resource
2018-07-25 18:36:10,607 [Worker-29] INFO  o.e.m.c.i.l.LifecycleMappingFactory - Using org.maven.ide.eclipse.wtp.WarLifecycleMapping lifecycle mapping for MavenProject: com.ajay:Spring-MVC:0.0.1-SNAPSHOT @ A:\javaP\Spring\boot\Spring-MVC\pom.xml.
2018-07-25 18:36:14,813 [Worker-29] INFO  o.e.m.j.i.AbstractJavaProjectConfigurator - Adding source folder /Spring-MVC/src/main/java
2018-07-25 18:36:14,816 [Worker-29] INFO  o.e.m.j.i.AbstractJavaProjectConfigurator - Adding resource folder /Spring-MVC/src/main/resources
2018-07-25 18:36:14,817 [Worker-29] INFO  o.e.m.j.i.AbstractJavaProjectConfigurator - Adding source folder /Spring-MVC/src/test/java
2018-07-25 18:36:14,818 [Worker-29] INFO  o.e.m.j.i.AbstractJavaProjectConfigurator - Adding resource folder /Spring-MVC/src/test/resources
2018-07-25 18:36:20,412 [Worker-38] WARN  o.e.m.c.i.embedder.EclipseLogger - Using platform encoding (Cp1252 actually) to copy filtered resources, i.e. build is platform dependent!
2018-07-25 18:36:20,511 [Worker-38] INFO  o.e.m.c.i.embedder.EclipseLogger - Copying 0 resource
2018-07-25 18:36:20,516 [Worker-38] WARN  o.e.m.c.i.embedder.EclipseLogger - Using platform encoding (Cp1252 actually) to copy filtered resources, i.e. build is platform dependent!
2018-07-25 18:36:20,531 [Worker-38] INFO  o.e.m.c.i.embedder.EclipseLogger - Copying 0 resource
2018-07-25 18:36:53,039 [Worker-36] INFO  o.e.m.c.i.e.AbstractTransferListenerAdapter - Downloading https://repo.maven.apache.org/maven2/org/apache/maven/plugins/maven-war-plugin/2.6/maven-war-plugin-2.6.jar
2018-07-25 18:36:53,248 [Worker-36] INFO  o.e.m.c.i.e.AbstractTransferListenerAdapter - Downloaded https://repo.maven.apache.org/maven2/org/apache/maven/plugins/maven-war-plugin/2.6/maven-war-plugin-2.6.jar
2018-07-25 18:36:56,733 [Worker-36] INFO  o.e.m.c.i.l.LifecycleMappingFactory - Using org.maven.ide.eclipse.wtp.WarLifecycleMapping lifecycle mapping for MavenProject: com.ajay:Spring-MVC:0.0.1-SNAPSHOT @ A:\javaP\Spring\boot\Spring-MVC\pom.xml.
2018-07-25 18:36:56,932 [Worker-36] INFO  o.e.m.c.i.e.AbstractTransferListenerAdapter - Downloading https://repo.maven.apache.org/maven2/org/apache/maven/plugins/maven-help-plugin/2.2/maven-help-plugin-2.2.pom
2018-07-25 18:36:56,984 [Worker-36] INFO  o.e.m.c.i.e.AbstractTransferListenerAdapter - Downloaded https://repo.maven.apache.org/maven2/org/apache/maven/plugins/maven-help-plugin/2.2/maven-help-plugin-2.2.pom
2018-07-25 18:36:57,048 [Worker-36] INFO  o.e.m.c.i.e.AbstractTransferListenerAdapter - Downloading https://repo.maven.apache.org/maven2/org/apache/maven/plugins/maven-help-plugin/2.2/maven-help-plugin-2.2.jar
2018-07-25 18:36:57,308 [Worker-36] INFO  o.e.m.c.i.e.AbstractTransferListenerAdapter - Downloaded https://repo.maven.apache.org/maven2/org/apache/maven/plugins/maven-help-plugin/2.2/maven-help-plugin-2.2.jar
2018-07-25 18:36:58,983 [Worker-36] INFO  o.e.m.c.i.e.AbstractTransferListenerAdapter - Downloading https://repo.maven.apache.org/maven2/org/codehaus/mojo/xml-maven-plugin/1.0/xml-maven-plugin-1.0.pom
2018-07-25 18:36:59,043 [Worker-36] INFO  o.e.m.c.i.e.AbstractTransferListenerAdapter - Downloaded https://repo.maven.apache.org/maven2/org/codehaus/mojo/xml-maven-plugin/1.0/xml-maven-plugin-1.0.pom
2018-07-25 18:36:59,645 [Worker-36] INFO  o.e.m.c.i.e.AbstractTransferListenerAdapter - Downloading https://repo.maven.apache.org/maven2/org/codehaus/mojo/xml-maven-plugin/1.0/xml-maven-plugin-1.0.jar
2018-07-25 18:36:59,806 [Worker-36] INFO  o.e.m.c.i.e.AbstractTransferListenerAdapter - Downloaded https://repo.maven.apache.org/maven2/org/codehaus/mojo/xml-maven-plugin/1.0/xml-maven-plugin-1.0.jar
2018-07-25 18:37:00,667 [Worker-36] INFO  o.e.m.c.i.e.AbstractTransferListenerAdapter - Downloading https://repo.maven.apache.org/maven2/org/codehaus/mojo/build-helper-maven-plugin/1.10/build-helper-maven-plugin-1.10.pom
2018-07-25 18:37:00,727 [Worker-36] INFO  o.e.m.c.i.e.AbstractTransferListenerAdapter - Downloaded https://repo.maven.apache.org/maven2/org/codehaus/mojo/build-helper-maven-plugin/1.10/build-helper-maven-plugin-1.10.pom
2018-07-25 18:37:00,788 [Worker-36] INFO  o.e.m.c.i.e.AbstractTransferListenerAdapter - Downloading https://repo.maven.apache.org/maven2/org/codehaus/mojo/mojo-parent/38/mojo-parent-38.pom
2018-07-25 18:37:00,856 [Worker-36] INFO  o.e.m.c.i.e.AbstractTransferListenerAdapter - Downloaded https://repo.maven.apache.org/maven2/org/codehaus/mojo/mojo-parent/38/mojo-parent-38.pom
2018-07-25 18:37:00,913 [Worker-36] INFO  o.e.m.c.i.e.AbstractTransferListenerAdapter - Downloading https://repo.maven.apache.org/maven2/org/codehaus/mojo/build-helper-maven-plugin/1.10/build-helper-maven-plugin-1.10.jar
2018-07-25 18:37:00,981 [Worker-36] INFO  o.e.m.c.i.e.AbstractTransferListenerAdapter - Downloaded https://repo.maven.apache.org/maven2/org/codehaus/mojo/build-helper-maven-plugin/1.10/build-helper-maven-plugin-1.10.jar
2018-07-25 18:37:01,429 [Worker-36] INFO  o.e.m.c.i.e.AbstractTransferListenerAdapter - Downloading https://repo.maven.apache.org/maven2/org/apache/maven/plugins/maven-clean-plugin/2.6.1/maven-clean-plugin-2.6.1.pom
2018-07-25 18:37:01,481 [Worker-36] INFO  o.e.m.c.i.e.AbstractTransferListenerAdapter - Downloaded https://repo.maven.apache.org/maven2/org/apache/maven/plugins/maven-clean-plugin/2.6.1/maven-clean-plugin-2.6.1.pom
2018-07-25 18:37:01,528 [Worker-36] INFO  o.e.m.c.i.e.AbstractTransferListenerAdapter - Downloading https://repo.maven.apache.org/maven2/org/apache/maven/plugins/maven-plugins/26/maven-plugins-26.pom
2018-07-25 18:37:01,581 [Worker-36] INFO  o.e.m.c.i.e.AbstractTransferListenerAdapter - Downloaded https://repo.maven.apache.org/maven2/org/apache/maven/plugins/maven-plugins/26/maven-plugins-26.pom
2018-07-25 18:37:01,812 [Worker-36] INFO  o.e.m.c.i.e.AbstractTransferListenerAdapter - Downloading https://repo.maven.apache.org/maven2/org/apache/maven/plugins/maven-war-plugin/2.6/maven-war-plugin-2.6.pom
2018-07-25 18:37:01,887 [Worker-36] INFO  o.e.m.c.i.e.AbstractTransferListenerAdapter - Downloaded https://repo.maven.apache.org/maven2/org/apache/maven/plugins/maven-war-plugin/2.6/maven-war-plugin-2.6.pom
2018-07-25 18:37:04,541 [Worker-36] INFO  o.e.m.c.i.e.AbstractTransferListenerAdapter - Downloading https://repo.maven.apache.org/maven2/org/codehaus/plexus/plexus-io/2.4.1/plexus-io-2.4.1.pom
2018-07-25 18:37:04,590 [Worker-36] INFO  o.e.m.c.i.e.AbstractTransferListenerAdapter - Downloaded https://repo.maven.apache.org/maven2/org/codehaus/plexus/plexus-io/2.4.1/plexus-io-2.4.1.pom
2018-07-25 18:37:04,940 [Worker-36] INFO  o.e.m.c.i.e.AbstractTransferListenerAdapter - Downloading https://repo.maven.apache.org/maven2/com/thoughtworks/xstream/xstream/1.4.4/xstream-1.4.4.pom
2018-07-25 18:37:05,075 [Worker-36] INFO  o.e.m.c.i.e.AbstractTransferListenerAdapter - Downloaded https://repo.maven.apache.org/maven2/com/thoughtworks/xstream/xstream/1.4.4/xstream-1.4.4.pom
2018-07-25 18:37:05,121 [Worker-36] INFO  o.e.m.c.i.e.AbstractTransferListenerAdapter - Downloading https://repo.maven.apache.org/maven2/com/thoughtworks/xstream/xstream-parent/1.4.4/xstream-parent-1.4.4.pom
2018-07-25 18:37:05,360 [Worker-36] INFO  o.e.m.c.i.e.AbstractTransferListenerAdapter - Downloaded https://repo.maven.apache.org/maven2/com/thoughtworks/xstream/xstream-parent/1.4.4/xstream-parent-1.4.4.pom
2018-07-25 18:37:05,432 [Worker-36] INFO  o.e.m.c.i.e.AbstractTransferListenerAdapter - Downloading https://repo.maven.apache.org/maven2/xmlpull/xmlpull/1.1.3.1/xmlpull-1.1.3.1.pom
2018-07-25 18:37:05,489 [Worker-36] INFO  o.e.m.c.i.e.AbstractTransferListenerAdapter - Downloaded https://repo.maven.apache.org/maven2/xmlpull/xmlpull/1.1.3.1/xmlpull-1.1.3.1.pom
2018-07-25 18:37:05,556 [Worker-36] INFO  o.e.m.c.i.e.AbstractTransferListenerAdapter - Downloading https://repo.maven.apache.org/maven2/org/apache/maven/shared/maven-filtering/1.3/maven-filtering-1.3.pom
2018-07-25 18:37:05,650 [Worker-36] INFO  o.e.m.c.i.e.AbstractTransferListenerAdapter - Downloaded https://repo.maven.apache.org/maven2/org/apache/maven/shared/maven-filtering/1.3/maven-filtering-1.3.pom
2018-07-25 18:37:05,702 [Worker-36] INFO  o.e.m.c.i.e.AbstractTransferListenerAdapter - Downloading https://repo.maven.apache.org/maven2/org/apache/maven/shared/maven-shared-utils/0.6/maven-shared-utils-0.6.pom
2018-07-25 18:37:05,784 [Worker-36] INFO  o.e.m.c.i.e.AbstractTransferListenerAdapter - Downloaded https://repo.maven.apache.org/maven2/org/apache/maven/shared/maven-shared-utils/0.6/maven-shared-utils-0.6.pom
2018-07-25 18:37:05,843 [Worker-36] INFO  o.e.m.c.i.e.AbstractTransferListenerAdapter - Downloading https://repo.maven.apache.org/maven2/org/codehaus/plexus/plexus-utils/3.0.18/plexus-utils-3.0.18.pom
2018-07-25 18:37:05,947 [Worker-36] INFO  o.e.m.c.i.e.AbstractTransferListenerAdapter - Downloaded https://repo.maven.apache.org/maven2/org/codehaus/plexus/plexus-utils/3.0.18/plexus-utils-3.0.18.pom
2018-07-25 18:37:06,105 [Worker-36] INFO  o.e.m.c.i.e.AbstractTransferListenerAdapter - Downloading https://repo.maven.apache.org/maven2/org/apache/maven/shared/maven-mapping/1.0/maven-mapping-1.0.pom
2018-07-25 18:37:06,154 [Worker-36] INFO  o.e.m.c.i.e.AbstractTransferListenerAdapter - Downloaded https://repo.maven.apache.org/maven2/org/apache/maven/shared/maven-mapping/1.0/maven-mapping-1.0.pom
2018-07-25 18:37:06,515 [Worker-36] INFO  o.e.m.c.i.e.AbstractTransferListenerAdapter - Downloading https://repo.maven.apache.org/maven2/org/codehaus/plexus/plexus-io/2.4.1/plexus-io-2.4.1.jar
2018-07-25 18:37:06,802 [Worker-36] INFO  o.e.m.c.i.e.AbstractTransferListenerAdapter - Downloaded https://repo.maven.apache.org/maven2/org/codehaus/plexus/plexus-io/2.4.1/plexus-io-2.4.1.jar
2018-07-25 18:37:06,835 [Worker-36] INFO  o.e.m.c.i.e.AbstractTransferListenerAdapter - Downloading https://repo.maven.apache.org/maven2/org/codehaus/plexus/plexus-interpolation/1.21/plexus-interpolation-1.21.jar
2018-07-25 18:37:07,044 [Worker-36] INFO  o.e.m.c.i.e.AbstractTransferListenerAdapter - Downloaded https://repo.maven.apache.org/maven2/org/codehaus/plexus/plexus-interpolation/1.21/plexus-interpolation-1.21.jar
2018-07-25 18:37:07,089 [Worker-36] INFO  o.e.m.c.i.e.AbstractTransferListenerAdapter - Downloading https://repo.maven.apache.org/maven2/com/thoughtworks/xstream/xstream/1.4.4/xstream-1.4.4.jar
2018-07-25 18:37:07,830 [Worker-36] INFO  o.e.m.c.i.e.AbstractTransferListenerAdapter - Downloaded https://repo.maven.apache.org/maven2/com/thoughtworks/xstream/xstream/1.4.4/xstream-1.4.4.jar
2018-07-25 18:37:07,866 [Worker-36] INFO  o.e.m.c.i.e.AbstractTransferListenerAdapter - Downloading https://repo.maven.apache.org/maven2/xmlpull/xmlpull/1.1.3.1/xmlpull-1.1.3.1.jar
2018-07-25 18:37:08,053 [Worker-36] INFO  o.e.m.c.i.e.AbstractTransferListenerAdapter - Downloaded https://repo.maven.apache.org/maven2/xmlpull/xmlpull/1.1.3.1/xmlpull-1.1.3.1.jar
2018-07-25 18:37:08,088 [Worker-36] INFO  o.e.m.c.i.e.AbstractTransferListenerAdapter - Downloading https://repo.maven.apache.org/maven2/org/apache/maven/shared/maven-filtering/1.3/maven-filtering-1.3.jar
2018-07-25 18:37:08,199 [Worker-36] INFO  o.e.m.c.i.e.AbstractTransferListenerAdapter - Downloaded https://repo.maven.apache.org/maven2/org/apache/maven/shared/maven-filtering/1.3/maven-filtering-1.3.jar
2018-07-25 18:37:08,232 [Worker-36] INFO  o.e.m.c.i.e.AbstractTransferListenerAdapter - Downloading https://repo.maven.apache.org/maven2/org/apache/maven/shared/maven-mapping/1.0/maven-mapping-1.0.jar
2018-07-25 18:37:08,424 [Worker-36] INFO  o.e.m.c.i.e.AbstractTransferListenerAdapter - Downloaded https://repo.maven.apache.org/maven2/org/apache/maven/shared/maven-mapping/1.0/maven-mapping-1.0.jar
2018-07-25 18:37:12,413 [Worker-36] INFO  o.e.m.c.i.embedder.EclipseLogger - Using 'UTF-8' encoding to copy filtered resources.
2018-07-25 18:37:12,422 [Worker-36] INFO  o.e.m.c.i.embedder.EclipseLogger - Copying 0 resource
2018-07-25 18:37:12,423 [Worker-36] INFO  o.e.m.c.i.embedder.EclipseLogger - Copying 0 resource
2018-07-25 18:37:12,427 [Worker-36] INFO  o.e.m.c.i.embedder.EclipseLogger - Using 'UTF-8' encoding to copy filtered resources.
2018-07-25 18:37:12,428 [Worker-36] INFO  o.e.m.c.i.embedder.EclipseLogger - Copying 0 resource
2018-07-25 18:37:12,429 [Worker-36] INFO  o.e.m.w.i.f.ResourceFilteringBuildParticipant - Changed resources require a complete clean of filtered resources of Spring-MVC
2018-07-25 18:37:12,430 [Worker-36] INFO  o.e.m.w.i.f.ResourceFilteringBuildParticipant - Executing resource filtering for Spring-MVC
2018-07-25 18:37:12,443 [Worker-36] INFO  o.e.m.c.i.embedder.EclipseLogger - Using 'UTF-8' encoding to copy filtered resources.
2018-07-25 18:37:21,660 [Worker-35] INFO  o.e.m.c.i.l.LifecycleMappingFactory - Using org.maven.ide.eclipse.wtp.WarLifecycleMapping lifecycle mapping for MavenProject: com.ajay:Spring-MVC:0.0.1-SNAPSHOT @ A:\javaP\Spring\boot\Spring-MVC\pom.xml.
2018-07-25 18:37:25,060 [Worker-35] INFO  o.e.m.c.i.embedder.EclipseLogger - Using 'UTF-8' encoding to copy filtered resources.
2018-07-25 18:37:25,061 [Worker-35] INFO  o.e.m.c.i.embedder.EclipseLogger - Copying 0 resource
2018-07-25 18:37:25,062 [Worker-35] INFO  o.e.m.c.i.embedder.EclipseLogger - Copying 0 resource
2018-07-25 18:37:25,067 [Worker-35] INFO  o.e.m.c.i.embedder.EclipseLogger - Using 'UTF-8' encoding to copy filtered resources.
2018-07-25 18:37:25,067 [Worker-35] INFO  o.e.m.c.i.embedder.EclipseLogger - Copying 0 resource
2018-07-25 18:37:25,068 [Worker-35] INFO  o.e.m.w.i.f.ResourceFilteringBuildParticipant - Changed resources require a complete clean of filtered resources of Spring-MVC
2018-07-25 18:37:25,068 [Worker-35] INFO  o.e.m.w.i.f.ResourceFilteringBuildParticipant - Executing resource filtering for Spring-MVC
2018-07-25 18:37:25,077 [Worker-35] INFO  o.e.m.c.i.embedder.EclipseLogger - Using 'UTF-8' encoding to copy filtered resources.
2018-07-25 18:37:27,756 [Worker-36] INFO  o.e.m.c.i.embedder.EclipseLogger - Using 'UTF-8' encoding to copy filtered resources.
2018-07-25 18:37:27,758 [Worker-36] INFO  o.e.m.c.i.embedder.EclipseLogger - Copying 0 resource
2018-07-25 18:37:27,759 [Worker-36] INFO  o.e.m.c.i.embedder.EclipseLogger - Copying 0 resource
2018-07-25 18:37:27,762 [Worker-36] INFO  o.e.m.c.i.embedder.EclipseLogger - Using 'UTF-8' encoding to copy filtered resources.
2018-07-25 18:37:27,763 [Worker-36] INFO  o.e.m.c.i.embedder.EclipseLogger - Copying 0 resource
2018-07-25 18:38:26,309 [Worker-35] INFO  o.e.m.c.i.l.LifecycleMappingFactory - Using org.maven.ide.eclipse.wtp.WarLifecycleMapping lifecycle mapping for MavenProject: com.ajay:Spring-MVC:0.0.1-SNAPSHOT @ A:\javaP\Spring\boot\Spring-MVC\pom.xml.
2018-07-25 18:38:29,904 [Worker-35] INFO  o.e.m.c.i.embedder.EclipseLogger - Using 'UTF-8' encoding to copy filtered resources.
2018-07-25 18:38:29,906 [Worker-35] INFO  o.e.m.c.i.embedder.EclipseLogger - Copying 0 resource
2018-07-25 18:38:29,906 [Worker-35] INFO  o.e.m.c.i.embedder.EclipseLogger - Copying 0 resource
2018-07-25 18:38:29,908 [Worker-35] INFO  o.e.m.c.i.embedder.EclipseLogger - Using 'UTF-8' encoding to copy filtered resources.
2018-07-25 18:38:29,909 [Worker-35] INFO  o.e.m.c.i.embedder.EclipseLogger - Copying 0 resource
2018-07-25 18:38:29,909 [Worker-35] INFO  o.e.m.w.i.f.ResourceFilteringBuildParticipant - Changed resources require a complete clean of filtered resources of Spring-MVC
2018-07-25 18:38:29,910 [Worker-35] INFO  o.e.m.w.i.f.ResourceFilteringBuildParticipant - Executing resource filtering for Spring-MVC
2018-07-25 18:38:29,914 [Worker-35] INFO  o.e.m.c.i.embedder.EclipseLogger - Using 'UTF-8' encoding to copy filtered resources.
2018-07-25 18:43:04,124 [Worker-34] INFO  o.e.m.c.i.l.LifecycleMappingFactory - Using org.eclipse.m2e.jdt.JarLifecycleMapping lifecycle mapping for MavenProject: com.ajay:springboot-mvc:0.0.1-SNAPSHOT @ A:\javaP\Spring\boot\springboot-mvc\pom.xml.
2018-07-25 18:43:05,365 [Worker-34] INFO  o.e.m.j.i.AbstractJavaProjectConfigurator - Adding source folder /springboot-mvc/src/main/java
2018-07-25 18:43:05,366 [Worker-34] INFO  o.e.m.j.i.AbstractJavaProjectConfigurator - Adding resource folder /springboot-mvc/src/main/resources
2018-07-25 18:43:05,366 [Worker-34] INFO  o.e.m.j.i.AbstractJavaProjectConfigurator - Adding source folder /springboot-mvc/src/test/java
2018-07-25 18:43:05,366 [Worker-34] INFO  o.e.m.j.i.AbstractJavaProjectConfigurator - Adding resource folder /springboot-mvc/src/test/resources
2018-07-25 18:43:05,723 [Worker-37] WARN  o.e.m.c.i.embedder.EclipseLogger - Using platform encoding (Cp1252 actually) to copy filtered resources, i.e. build is platform dependent!
2018-07-25 18:43:05,746 [Worker-37] INFO  o.e.m.c.i.embedder.EclipseLogger - Copying 0 resource
2018-07-25 18:43:05,748 [Worker-37] WARN  o.e.m.c.i.embedder.EclipseLogger - Using platform encoding (Cp1252 actually) to copy filtered resources, i.e. build is platform dependent!
2018-07-25 18:43:05,757 [Worker-37] INFO  o.e.m.c.i.embedder.EclipseLogger - Copying 0 resource
2018-07-25 18:45:36,523 [Worker-37] INFO  o.e.m.c.i.l.LifecycleMappingFactory - Using org.eclipse.m2e.jdt.JarLifecycleMapping lifecycle mapping for MavenProject: com.ajay:springboot-mvc:0.0.1-SNAPSHOT @ A:\javaP\Spring\boot\springboot-mvc\pom.xml.
2018-07-25 18:49:50,706 [Worker-42] INFO  o.e.m.c.i.l.LifecycleMappingFactory - Using org.maven.ide.eclipse.wtp.WarLifecycleMapping lifecycle mapping for MavenProject: com.ajay:Spring-MVC-boot:0.0.1-SNAPSHOT @ A:\javaP\Spring\boot\Spring-MVC-boot\pom.xml.
2018-07-25 18:49:51,524 [Worker-42] INFO  o.e.m.j.i.AbstractJavaProjectConfigurator - Adding source folder /Spring-MVC-boot/src/main/java
2018-07-25 18:49:51,524 [Worker-42] INFO  o.e.m.j.i.AbstractJavaProjectConfigurator - Adding resource folder /Spring-MVC-boot/src/main/resources
2018-07-25 18:49:51,525 [Worker-42] INFO  o.e.m.j.i.AbstractJavaProjectConfigurator - Adding source folder /Spring-MVC-boot/src/test/java
2018-07-25 18:49:51,526 [Worker-42] INFO  o.e.m.j.i.AbstractJavaProjectConfigurator - Adding resource folder /Spring-MVC-boot/src/test/resources
2018-07-25 18:49:52,927 [Worker-48] WARN  o.e.m.c.i.embedder.EclipseLogger - Using platform encoding (Cp1252 actually) to copy filtered resources, i.e. build is platform dependent!
2018-07-25 18:49:52,950 [Worker-48] INFO  o.e.m.c.i.embedder.EclipseLogger - Copying 0 resource
2018-07-25 18:49:52,952 [Worker-48] WARN  o.e.m.c.i.embedder.EclipseLogger - Using platform encoding (Cp1252 actually) to copy filtered resources, i.e. build is platform dependent!
2018-07-25 18:49:52,963 [Worker-48] INFO  o.e.m.c.i.embedder.EclipseLogger - Copying 0 resource
2018-07-25 18:49:53,330 [Worker-47] WARN  o.e.m.c.i.embedder.EclipseLogger - Using platform encoding (Cp1252 actually) to copy filtered resources, i.e. build is platform dependent!
2018-07-25 18:49:53,341 [Worker-47] INFO  o.e.m.c.i.embedder.EclipseLogger - Copying 0 resource
2018-07-25 18:49:53,343 [Worker-47] WARN  o.e.m.c.i.embedder.EclipseLogger - Using platform encoding (Cp1252 actually) to copy filtered resources, i.e. build is platform dependent!
2018-07-25 18:49:53,358 [Worker-47] INFO  o.e.m.c.i.embedder.EclipseLogger - Copying 0 resource
2018-07-25 18:58:37,097 [Worker-2] INFO  o.e.m.c.i.embedder.EclipseLogger - Using 'UTF-8' encoding to copy filtered resources.
2018-07-25 18:58:37,108 [Worker-2] INFO  o.e.m.c.i.embedder.EclipseLogger - Copying 0 resource
2018-07-25 18:58:37,110 [Worker-2] INFO  o.e.m.c.i.embedder.EclipseLogger - Copying 0 resource
2018-07-25 18:58:37,116 [Worker-2] INFO  o.e.m.c.i.embedder.EclipseLogger - Using 'UTF-8' encoding to copy filtered resources.
2018-07-25 18:58:37,116 [Worker-2] INFO  o.e.m.c.i.embedder.EclipseLogger - Copying 0 resource
